node   1  (   0,    0) (   3,    3) (   4,    4) (   2,    2) (   0,    0) (   2,    0) (   0,   18) (   0,    0) (   0,    0) (   0,    0)
          (   2,    0) (   0,   15) (   0,    0) (   0,    0) (   0,    0) (   2,    0) (   0,   11) (   0,    0) (   0,    0) (   0,    0)
          (   2,    0) (   0,    6) (   0,    0) (   0,    0) (   0,    0) (   2,    0) (   0,    2) (   0,    0) (   0,    0) (   0,    0)
          (   2,    0) (   0,    0) (   0,    0) (   0,    0) (   0,    0) (   2,    0) (   0,    2) (   0,    0) (   0,    0) (   0,    0)
          (   2,    0) (   0,    2) (   0,    0) (   0,    0) (   0,    0) (   2,    0) (   0,    3) (   0,    0) (   0,    0) (   0,    0)
          (   2,    0) (   0,    1) (   0,    0) (   0,    0) (   0,    0) (   1,    0) (   0,    0) (   0,    0) (   0,    0) (   0,    0)
          (   2,    0) (   0,    1) (   0,    0) (   0,    0) (   0,    0) (   2,    0) (   0,    0) (   0,    0) (   0,    0) (   0,    0)
          (   2,    0) (   0,    4) (   0,    0) (   0,    0) (   0,    0) (   2,    0) (   0,    3) (   0,    0) (   0,    0) (   0,    0)
          (   1,    0) (   0,    0) (   0,    0) (   0,    0) (   0,    0) (   1,    0) (   0,    1) (   0,    0) (   0,    0) (   0,    0)
          (   2,    0) (   0,    2) (   0,    0) (   0,    0) (   0,    0) (   1,    0) (   0,    3) (   0,    0) (   0,    0) (   0,    0)
          (   1,    0) (   0,    1) (   0,    0) (   0,    0) (   0,    0) (   1,    0) (   0,    2) (   0,    0) (   0,    0) (   0,    0)
          (   2,    0) (   0,    2) (   0,    0) (   0,    0) (   0,    0) (   2,    0) (   0,    2) (   0,    0) (   0,    0) (   0,    0)
          (   2,    0) (   0,    1) (   0,    0) (   0,    0) (   0,    0) (   2,    0) (   0,    0) (   0,    0) (   0,    0) (   0,    0)
          (   1,    0) (   0,    1) (   0,    0) (   0,    0) (   0,    0) (   2,    0) (   0,    2) (   0,    0) (   0,    0) (   0,    0)
          (   2,    0) (   0,    2) (   0,    0) (   0,    0) (   0,    0) (   2,    0) (   0,    2) (   0,    0) (   0,    0) (   0,    0)
          (   2,    0) (   0,    3) (   0,    0) (   0,    0) (   0,    0) (   2,    0) (   0,    1) (   0,    0) (   0,    0) (   0,    0)
          (   2,    0) (   0,    2) (   0,    0) (   0,    0) (   0,    0) (   2,    0) (   0,    1) (   0,    0) (   0,    0) (   0,    0)
          (   2,    0) (   0,    0) (   0,    0) (   0,    0) (   0,    0) (   2,    0) (   0,    2) (   0,    0) (   0,    0) (   0,    0)
          (   2,    0) (   0,    1) (   0,    0) (   0,    0) (   0,    0) (   2,    0) (   0,    3) (   0,    0) (   0,    0) (   0,    0)
          (   2,    0) (   0,    3) (   0,    0) (   0,    0) (   0,    0) (   2,    0) (   0,    2) (   0,    0) (   0,    0) (   0,    0)
          (   2,    0) (   0,    2) (   0,    0) (   0,    0) (   0,    0) (   2,    0) (   0,    1) (   0,    0) (   0,    0) (   0,    0)
          (   2,    0) (   0,    0) (   0,    0) (   0,    0) (   0,    0) (   2,    0) (   0,    1) (   0,    0) (   0,    0) (   0,    0)
          (   2,    0) (   0,    2) (   0,    0) (   0,    0) (   0,    0) (   2,    0) (   0,    1) (   0,    0) (   0,    0) (   0,    0)
          (   2,    0) (   0,    3) (   0,    0) (   0,    0) (   0,    0) (   2,    0) (   0,    2) (   0,    0) (   0,    0) (   0,    0)
          (   1,    0) (   0,    1) (   0,    0) (   0,    0) (   0,    0) (   2,    0) (   0,    3) (   0,    0) (   0,    0) (   0,    0)
          (   2,    0) (   0,    3) (   0,    0) (   0,    0) (   0,    0) (   2,    0) (   0,    0) (   0,    0) (   0,    0) (   0,    0)
          (   2,    0) (   0,    2) (   0,    0) (   0,    0) (   0,    0) (   2,    0) (   0,    2) (   0,    0) (   0,    0) (   0,    0)
          (   2,    0) (   0,    1) (   0,    0) (   0,    0) (   0,    0) (   1,    0) (   0,    1) (   0,    0) (   0,    0) (   0,    0)
          (   2,    0) (   0,    3) (   0,    0) (   0,    0) (   0,    0) (   2,    0) (   0,    3) (   0,    0) (   0,    0) (   0,    0)
          (   2,    0) (   0,    0) (   0,    0) (   0,    0) (   0,    0) (   2,    0) (   0,    2) (   0,    0) (   0,    0) (   0,    0)
          (   2,    0) (   0,    1) (   0,    0) (   0,    0) (   0,    0) (   2,    0) (   0,    3) (   0,    0) (   0,    0) (   0,    0)
          (   2,    0) (   0,    0) (   0,    0) (   0,    0) (   0,    0) (   2,    0) (   0,    0) (   0,    0) (   0,    0) (   0,    0)
          (   2,    0) (   0,    1) (   0,    0) (   0,    0) (   0,    0) (   2,    0) (   0,    2) (   0,    0) (   0,    0) (   0,    0)
          (   2,    0) (   0,    4) (   0,    0) (   0,    0) (   0,    0) (   2,    0) (   0,    2) (   0,    0) (   0,    0) (   0,    0)
          (   2,    0) (   0,    4) (   0,    0) (   0,    0) (   0,    0) (   2,    0) (   0,    1) (   0,    0) (   0,    0) (   0,    0)
          (   2,    0) (   0,    3) (   0,    0) (   0,    0) (   0,    0) (   2,    0) (   0,    3) (   0,    0) (   0,    0) (   0,    0)
          (   2,    0) (   0,    0) (   0,    0) (   0,    0) (   0,    0) (   2,    0) (   0,    2) (   0,    0) (   0,    0) (   0,    0)
          (   2,    0) (   0,    3) (   0,    0) (   0,    0) (   0,    0) (   2,    0) (   0,    3) (   0,    0) (   0,    0) (   0,    0)
          (   2,    0) (   0,    3) (   0,    0) (   0,    0) (   0,    0) (   2,    0) (   0,    3) (   0,    0) (   0,    0) (   0,    0)
          (   2,    0) (   0,    2) (   0,    0) (   0,    0) (   0,    0) (   2,    0) (   0,    2) (   0,    0) (   0,    0) (   0,    0)
          (   2,    0) (   0,    2) (   0,    0) (   0,    0) (   0,    0) (   2,    0) (   0,    1) (   0,    0) (   0,    0) (   0,    0)
          (   2,    0) (   0,    0) (   0,    0) (   0,    0) (   0,    0) (   2,    0) (   0,    4) (   0,    0) (   0,    0) (   0,    0)
          (   2,    0) (   0,    3) (   0,    0) (   0,    0) (   0,    0) (   2,    0) (   0,    1) (   0,    0) (   0,    0) (   0,    0)
          (   2,    0) (   0,    1) (   0,    0) (   0,    0) (   0,    0) (   2,    0) (   0,    1) (   0,    0) (   0,    0) (   0,    0)
          (   2,    0) (   0,    0) (   0,    0) (   0,    0) (   0,    0) (   2,    0) (   0,    3) (   0,    0) (   0,    0) (   0,    0)
          (   2,    0) (   0,    4) (   0,    0) (   0,    0) (   0,    0) (   2,    0) (   0,    1) (   0,    0) (   0,    0) (   0,    0)
          (   2,    0) (   0,    2) (   0,    0) (   0,    0) (   0,    0) (   2,    0) (   0,    1) (   0,    0) (   0,    0) (   0,    0)
          (   2,    0) (   0,    2) (   0,    0) (   0,    0) (   0,    0) (   2,    0) (   0,    0) (   0,    0) (   0,    0) (   0,    0)
          (   2,    0) (   0,    4) (   0,    0) (   0,    0) (   0,    0) (   2,    0) (   0,    1) (   0,    0) (   0,    0) (   0,    0)
          (   2,    0) (   0,    0) (   0,    0) (   0,    0) (   0,    0) (   2,    0) (   0,    3) (   0,    0) (   0,    0) (   0,    0)
          (   2,    0) (   0,    2) (   0,    0) (   0,    0) (   0,    0) (   2,    0) (   0,    3) (   0,    0) (   0,    0) (   0,    0)
          (   2,    0) (   0,    3) (   0,    0) (   0,    0) (   0,    0) (   2,    0) (   0,    2) (   0,    0) (   0,    0) (   0,    0)
          (   2,    0) (   0,    4) (   0,    0) (   0,    0) (   0,    0) (   2,    0) (   0,    1) (   0,    0) (   0,    0) (   0,    0)
          (   2,    0) (   0,    1) (   0,    0) (   0,    0) (   0,    0) (   2,    0) (   0,    2) (   0,    0) (   0,    0) (   0,    0)
          (   2,    0) (   0,    2) (   0,    0) (   0,    0) (   0,    0) (   2,    0) (   0,    4) (   0,    0) (   0,    0) (   0,    0)
          (   2,    0) (   0,    3) (   0,    0) (   0,    0) (   0,    0) (   2,    0) (   0,    3) (   0,    0) (   0,    0) (   0,    0)
          (   2,    0) (   0,    2) (   0,    0) (   0,    0) (   0,    0) (   2,    0) (   0,    4) (   0,    0) (   0,    0) (   0,    0)
          (   2,    0) (   0,    3) (   0,    0) (   0,    0) (   0,    0) (   2,    0) (   0,    3) (   0,    0) (   0,    0) (   0,    0)
          (   2,    0) (   0,    4) (   0,    0) (   0,    0) (   0,    0) (   2,    0) (   0,    1) (   0,    0) (   0,    0) (   0,    0)
          (   2,    0) (   0,    3) (   0,    0) (   0,    0) (   0,    0) (   2,    0) (   0,    1) (   0,    0) (   0,    0) (   0,    0)
          (   2,    0) (   0,    1) (   0,    0) (   0,    0) (   0,    0) (   2,    0) (   0,    4) (   0,    0) (   0,    0) (   0,    0)
          (   2,    0) (   0,    3) (   0,    0) (   0,    0) (   0,    0) (   2,    0) (   0,    1) (   0,    0) (   0,    0) (   0,    0)
          (   2,    0) (   0,    1) (   0,    0) (   0,    0) (   0,    0) (   2,    0) (   0,    2) (   0,    0) (   0,    0) (   0,    0)
          (   2,    0) (   0,    1) (   0,    0) (   0,    0) (   0,    0) (   2,    0) (   0,    1) (   0,    0) (   0,    0) (   0,    0)
          (   2,    0) (   0,    2) (   0,    0) (   0,    0) (   0,    0) (   2,    0) (   0,    3) (   0,    0) (   0,    0) (   0,    0)
          (   2,    0) (   0,    1) (   0,    0) (   0,    0) (   0,    0) (   2,    0) (   0,    2) (   0,    0) (   0,    0) (   0,    0)
          (   2,    0) (   0,    3) (   0,    0) (   0,    0) (   0,    0) (   2,    0) (   0,    0) (   0,    0) (   0,    0) (   0,    0)
          (   2,    0) (   0,    2) (   0,    0) (   0,    0) (   0,    0) (   2,    0) (   0,    3) (   0,    0) (   0,    0) (   0,    0)
          (   2,    0) (   0,    2) (   0,    0) (   0,    0) (   0,    0) (   2,    0) (   0,    3) (   0,    0) (   0,    0) (   0,    0)
          (   2,    0) (   0,    3) (   0,    0) (   0,    0) (   0,    0) (   2,    0) (   0,    2) (   0,    0) (   0,    0) (   0,    0)
         
node   1 sent_total    278  recv_total    316

node   2  (   1,    0) (   0,    0) (   0,    1) (   0,    0) (   0,    0) (   2,    0) (   0,    0) (   0,    0) (   0,    0) (   0,    0)
          (   2,    0) (   0,    0) (   0,    0) (   0,    0) (   0,    0) (   2,    0) (   0,    0) (   0,    0) (   0,    0) (   0,    0)
          (   2,    0) (   0,    2) (   0,    0) (   0,    0) (   0,    0) (   2,    0) (   0,    2) (   0,    0) (   0,    0) (   0,    0)
          (   2,    0) (   0,    1) (   0,    0) (   0,    0) (   0,    0) (   2,    0) (   0,    3) (   0,    0) (   0,    0) (   0,    0)
          (   2,    0) (   0,    0) (   0,    0) (   0,    0) (   0,    0) (   2,    0) (   0,    0) (   0,    0) (   0,    0) (   0,    0)
          (   2,    0) (   0,    1) (   0,    0) (   0,    0) (   0,    0) (   2,    0) (   0,    3) (   0,    0) (   0,    0) (   0,    0)
          (   2,    0) (   0,    1) (   0,    0) (   0,    0) (   0,    0) (   1,    0) (   0,    2) (   0,    0) (   0,    0) (   0,    0)
          (   2,    0) (   0,    1) (   0,    0) (   0,    0) (   0,    0) (   2,    0) (   0,    1) (   0,    0) (   0,    0) (   0,    0)
          (   2,    0) (   0,    2) (   0,    0) (   0,    0) (   0,    0) (   2,    0) (   0,    2) (   0,    0) (   0,    0) (   0,    0)
          (   1,    0) (   0,    3) (   0,    0) (   0,    0) (   0,    0) (   2,    0) (   0,    2) (   0,    0) (   0,    0) (   0,    0)
          (   2,    0) (   0,    0) (   0,    0) (   0,    0) (   0,    0) (   2,    0) (   0,    1) (   0,    0) (   0,    0) (   0,    0)
          (   2,    0) (   0,    2) (   0,    0) (   0,    0) (   0,    0) (   2,    0) (   0,    2) (   0,    0) (   0,    0) (   0,    0)
          (   2,    0) (   0,    4) (   0,    0) (   0,    0) (   0,    0) (   2,    0) (   0,    2) (   0,    0) (   0,    0) (   0,    0)
          (   2,    0) (   0,    4) (   0,    0) (   0,    0) (   0,    0) (   1,    0) (   0,    2) (   0,    0) (   0,    0) (   0,    0)
          (   1,    0) (   0,    0) (   0,    0) (   0,    0) (   0,    0) (   2,    0) (   0,    1) (   0,    0) (   0,    0) (   0,    0)
          (   2,    0) (   0,    1) (   0,    0) (   0,    0) (   0,    0) (   1,    0) (   0,    3) (   0,    0) (   0,    0) (   0,    0)
          (   2,    0) (   0,    0) (   0,    0) (   0,    0) (   0,    0) (   2,    0) (   0,    2) (   0,    0) (   0,    0) (   0,    0)
          (   2,    0) (   0,    2) (   0,    0) (   0,    0) (   0,    0) (   2,    0) (   0,    3) (   0,    0) (   0,    0) (   0,    0)
          (   1,    0) (   0,    3) (   0,    0) (   0,    0) (   0,    0) (   2,    0) (   0,    4) (   0,    0) (   0,    0) (   0,    0)
          (   2,    0) (   0,    2) (   0,    0) (   0,    0) (   0,    0) (   2,    0) (   0,    4) (   0,    0) (   0,    0) (   0,    0)
          (   2,    0) (   0,    3) (   0,    0) (   0,    0) (   0,    0) (   2,    0) (   0,    3) (   0,    0) (   0,    0) (   0,    0)
          (   2,    0) (   0,    3) (   0,    0) (   0,    0) (   0,    0) (   2,    0) (   0,    1) (   0,    0) (   0,    0) (   0,    0)
          (   1,    0) (   0,    2) (   0,    0) (   0,    0) (   0,    0) (   1,    0) (   0,    1) (   0,    0) (   0,    0) (   0,    0)
          (   1,    0) (   0,    1) (   0,    0) (   0,    0) (   0,    0) (   2,    0) (   0,    1) (   0,    0) (   0,    0) (   0,    0)
          (   1,    0) (   0,    1) (   0,    0) (   0,    0) (   0,    0) (   2,    0) (   0,    1) (   0,    0) (   0,    0) (   0,    0)
          (   1,    0) (   0,    0) (   0,    0) (   0,    0) (   0,    0) (   2,    0) (   0,    2) (   0,    0) (   0,    0) (   0,    0)
          (   2,    0) (   0,    0) (   0,    0) (   0,    0) (   0,    0) (   2,    0) (   0,    3) (   0,    0) (   0,    0) (   0,    0)
          (   2,    0) (   0,    4) (   0,    0) (   0,    0) (   0,    0) (   2,    0) (   0,    4) (   0,    0) (   0,    0) (   0,    0)
          (   2,    0) (   0,    2) (   0,    0) (   0,    0) (   0,    0) (   2,    0) (   0,    2) (   0,    0) (   0,    0) (   0,    0)
          (   0,    0) (   0,    1) (   0,    0) (   0,    0) (   0,    0) (   2,    0) (   0,    2) (   0,    0) (   0,    0) (   0,    0)
          (   2,    0) (   0,    1) (   0,    0) (   0,    0) (   0,    0) (   2,    0) (   0,    1) (   0,    0) (   0,    0) (   0,    0)
          (   2,    0) (   0,    2) (   0,    0) (   0,    0) (   0,    0) (   2,    0) (   0,    1) (   0,    0) (   0,    0) (   0,    0)
          (   2,    0) (   0,    2) (   0,    0) (   0,    0) (   0,    0) (   2,    0) (   0,    1) (   0,    0) (   0,    0) (   0,    0)
          (   2,    0) (   0,    2) (   0,    0) (   0,    0) (   0,    0) (   2,    0) (   0,    3) (   0,    0) (   0,    0) (   0,    0)
          (   2,    0) (   0,    0) (   0,    0) (   0,    0) (   0,    0) (   2,    0) (   0,    4) (   0,    0) (   0,    0) (   0,    0)
          (   2,    0) (   0,    1) (   0,    0) (   0,    0) (   0,    0) (   2,    0) (   0,    2) (   0,    0) (   0,    0) (   0,    0)
          (   2,    0) (   0,    4) (   0,    0) (   0,    0) (   0,    0) (   2,    0) (   0,    2) (   0,    0) (   0,    0) (   0,    0)
          (   2,    0) (   0,    2) (   0,    0) (   0,    0) (   0,    0) (   2,    0) (   0,    2) (   0,    0) (   0,    0) (   0,    0)
          (   2,    0) (   0,    1) (   0,    0) (   0,    0) (   0,    0) (   2,    0) (   0,    2) (   0,    0) (   0,    0) (   0,    0)
          (   2,    0) (   0,    3) (   0,    0) (   0,    0) (   0,    0) (   2,    0) (   0,    1) (   0,    0) (   0,    0) (   0,    0)
          (   2,    0) (   0,    4) (   0,    0) (   0,    0) (   0,    0) (   2,    0) (   0,    2) (   0,    0) (   0,    0) (   0,    0)
          (   2,    0) (   0,    3) (   0,    0) (   0,    0) (   0,    0) (   2,    0) (   0,    3) (   0,    0) (   0,    0) (   0,    0)
          (   2,    0) (   0,    3) (   0,    0) (   0,    0) (   0,    0) (   2,    0) (   0,    3) (   0,    0) (   0,    0) (   0,    0)
          (   2,    0) (   0,    0) (   0,    0) (   0,    0) (   0,    0) (   2,    0) (   0,    3) (   0,    0) (   0,    0) (   0,    0)
          (   2,    0) (   0,    3) (   0,    0) (   0,    0) (   0,    0) (   2,    0) (   0,    1) (   0,    0) (   0,    0) (   0,    0)
          (   2,    0) (   0,    2) (   0,    0) (   0,    0) (   0,    0) (   2,    0) (   0,    3) (   0,    0) (   0,    0) (   0,    0)
          (   2,    0) (   0,    2) (   0,    0) (   0,    0) (   0,    0) (   2,    0) (   0,    1) (   0,    0) (   0,    0) (   0,    0)
          (   2,    0) (   0,    1) (   0,    0) (   0,    0) (   0,    0) (   2,    0) (   0,    3) (   0,    0) (   0,    0) (   0,    0)
          (   2,    0) (   0,    3) (   0,    0) (   0,    0) (   0,    0) (   2,    0) (   0,    2) (   0,    0) (   0,    0) (   0,    0)
          (   2,    0) (   0,    2) (   0,    0) (   0,    0) (   0,    0) (   2,    0) (   0,    1) (   0,    0) (   0,    0) (   0,    0)
          (   2,    0) (   0,    2) (   0,    0) (   0,    0) (   0,    0) (   2,    0) (   0,    3) (   0,    0) (   0,    0) (   0,    0)
          (   2,    0) (   0,    1) (   0,    0) (   0,    0) (   0,    0) (   2,    0) (   0,    2) (   0,    0) (   0,    0) (   0,    0)
          (   2,    0) (   0,    1) (   0,    0) (   0,    0) (   0,    0) (   2,    0) (   0,    1) (   0,    0) (   0,    0) (   0,    0)
          (   2,    0) (   0,    1) (   0,    0) (   0,    0) (   0,    0) (   2,    0) (   0,    3) (   0,    0) (   0,    0) (   0,    0)
          (   2,    0) (   0,    3) (   0,    0) (   0,    0) (   0,    0) (   2,    0) (   0,    2) (   0,    0) (   0,    0) (   0,    0)
          (   2,    0) (   0,    2) (   0,    0) (   0,    0) (   0,    0) (   2,    0) (   0,    1) (   0,    0) (   0,    0) (   0,    0)
          (   2,    0) (   0,    1) (   0,    0) (   0,    0) (   0,    0) (   2,    0) (   0,    2) (   0,    0) (   0,    0) (   0,    0)
          (   2,    0) (   0,    3) (   0,    0) (   0,    0) (   0,    0) (   2,    0) (   0,    1) (   0,    0) (   0,    0) (   0,    0)
          (   2,    0) (   0,    1) (   0,    0) (   0,    0) (   0,    0) (   2,    0) (   0,    1) (   0,    0) (   0,    0) (   0,    0)
          (   2,    0) (   0,    2) (   0,    0) (   0,    0) (   0,    0) (   2,    0) (   0,    4) (   0,    0) (   0,    0) (   0,    0)
          (   2,    0) (   0,    1) (   0,    0) (   0,    0) (   0,    0) (   2,    0) (   0,    1) (   0,    0) (   0,    0) (   0,    0)
          (   2,    0) (   0,    1) (   0,    0) (   0,    0) (   0,    0) (   2,    0) (   0,    0) (   0,    0) (   0,    0) (   0,    0)
          (   2,    0) (   0,    3) (   0,    0) (   0,    0) (   0,    0) (   2,    0) (   0,    1) (   0,    0) (   0,    0) (   0,    0)
          (   2,    0) (   0,    3) (   0,    0) (   0,    0) (   0,    0) (   2,    0) (   0,    2) (   0,    0) (   0,    0) (   0,    0)
          (   2,    0) (   0,    1) (   0,    0) (   0,    0) (   0,    0) (   2,    0) (   0,    2) (   0,    0) (   0,    0) (   0,    0)
          (   2,    0) (   0,    2) (   0,    0) (   0,    0) (   0,    0) (   2,    0) (   0,    0) (   0,    0) (   0,    0) (   0,    0)
          (   2,    0) (   0,    2) (   0,    0) (   0,    0) (   0,    0) (   2,    0) (   0,    1) (   0,    0) (   0,    0) (   0,    0)
          (   2,    0) (   0,    2) (   0,    0) (   0,    0) (   0,    0) (   2,    0) (   0,    2) (   0,    0) (   0,    0) (   0,    0)
          (   2,    0) (   0,    2) (   0,    0) (   0,    0) (   0,    0) (   2,    0) (   0,    2) (   0,    0) (   0,    0) (   0,    0)
          (   2,    0) (   0,    1) (   0,    0) (   0,    0) (   0,    0) (   2,    0) (   0,    0) (   0,    0) (   0,    0) (   0,    0)
         
node   2 sent_total    266  recv_total    254

node   3  (   1,    0) (   0,    0) (   0,    1) (   0,    0) (   0,    0) (   2,    0) (   0,    0) (   0,    0) (   0,    0) (   0,    0)
          (   2,    0) (   0,    1) (   0,    0) (   0,    0) (   0,    0) (   2,    0) (   0,    1) (   0,    0) (   0,    0) (   0,    0)
          (   2,    0) (   0,    1) (   0,    0) (   0,    0) (   0,    0) (   2,    0) (   0,    3) (   0,    0) (   0,    0) (   0,    0)
          (   2,    0) (   0,    3) (   0,    0) (   0,    0) (   0,    0) (   2,    0) (   0,    2) (   0,    0) (   0,    0) (   0,    0)
          (   2,    0) (   0,    3) (   0,    0) (   0,    0) (   0,    0) (   2,    0) (   0,    2) (   0,    0) (   0,    0) (   0,    0)
          (   2,    0) (   0,    3) (   0,    0) (   0,    0) (   0,    0) (   2,    0) (   0,    6) (   0,    0) (   0,    0) (   0,    0)
          (   2,    0) (   0,    2) (   0,    0) (   0,    0) (   0,    0) (   2,    0) (   0,    0) (   0,    0) (   0,    0) (   0,    0)
          (   2,    0) (   0,    4) (   0,    0) (   0,    0) (   0,    0) (   1,    0) (   0,    0) (   0,    0) (   0,    0) (   0,    0)
          (   2,    0) (   0,    1) (   0,    0) (   0,    0) (   0,    0) (   2,    0) (   0,    2) (   0,    0) (   0,    0) (   0,    0)
          (   2,    0) (   0,    2) (   0,    0) (   0,    0) (   0,    0) (   2,    0) (   0,    1) (   0,    0) (   0,    0) (   0,    0)
          (   2,    0) (   0,    0) (   0,    0) (   0,    0) (   0,    0) (   0,    0) (   0,    0) (   0,    0) (   0,    0) (   0,    0)
          (   0,    0) (   0,    0) (   0,    0) (   0,    0) (   0,    0) (   0,    0) (   0,    0) (   0,    0) (   0,    0) (   0,    0)
          (   0,    0) (   0,    0) (   0,    0) (   0,    0) (   0,    0) (   0,    0) (   0,    0) (   0,    0) (   0,    0) (   0,    0)
          (   0,    0) (   0,    0) (   0,    0) (   0,    0) (   0,    0) (   0,    0) (   0,    0) (   0,    0) (   0,    0) (   0,    0)
          (   0,    0) (   0,    0) (   0,    0) (   0,    0) (   0,    0) (   0,    0) (   0,    0) (   0,    0) (   0,    0) (   0,    0)
          (   0,    0) (   0,    0) (   0,    0) (   0,    0) (   0,    0) (   0,    0) (   0,    0) (   0,    0) (   0,    0) (   0,    0)
          (   0,    0) (   0,    0) (   0,    0) (   0,    0) (   0,    0) (   0,    0) (   0,    0) (   0,    0) (   0,    0) (   0,    0)
          (   0,    0) (   0,    0) (   0,    0) (   0,    0) (   0,    0) (   0,    0) (   0,    0) (   0,    0) (   0,    0) (   0,    0)
          (   0,    0) (   0,    0) (   0,    0) (   0,    0) (   0,    0) (   0,    0) (   0,    0) (   0,    0) (   0,    0) (   0,    0)
          (   0,    0) (   0,    0) (   0,    0) (   0,    0) (   0,    0) (   0,    0) (   0,    0) (   0,    0) (   0,    0) (   0,    0)
          (   0,    0) (   0,    0) (   0,    0) (   0,    0) (   0,    0) (   0,    0) (   0,    0) (   0,    0) (   0,    0) (   0,    0)
          (   0,    0) (   0,    0) (   0,    0) (   0,    0) (   0,    0) (   0,    0) (   0,    0) (   0,    0) (   0,    0) (   0,    0)
          (   0,    0) (   0,    0) (   0,    0) (   0,    0) (   0,    0) (   0,    0) (   0,    0) (   0,    0) (   0,    0) (   0,    0)
          (   0,    0) (   0,    0) (   0,    0) (   0,    0) (   0,    0) (   0,    0) (   0,    0) (   0,    0) (   0,    0) (   0,    0)
          (   0,    0) (   0,    0) (   0,    0) (   0,    0) (   0,    0) (   0,    0) (   0,    0) (   0,    0) (   0,    0) (   0,    0)
          (   0,    0) (   0,    0) (   0,    0) (   0,    0) (   0,    0) (   0,    0) (   0,    0) (   0,    0) (   0,    0) (   0,    0)
          (   0,    0) (   0,    0) (   0,    0) (   0,    0) (   0,    0) (   0,    0) (   0,    0) (   0,    0) (   0,    0) (   0,    0)
          (   0,    0) (   0,    0) (   0,    0) (   0,    0) (   0,    0) (   0,    0) (   0,    0) (   0,    0) (   0,    0) (   0,    0)
          (   0,    0) (   0,    0) (   0,    0) (   0,    0) (   0,    0) (   0,    0) (   0,    0) (   0,    0) (   0,    0) (   0,    0)
          (   0,    0) (   0,    0) (   0,    0) (   0,    0) (   0,    0) (   0,    0) (   0,    0) (   0,    0) (   0,    0) (   0,    0)
          (   0,    0) (   0,    0) (   0,    0) (   0,    0) (   0,    0) (   0,    0) (   0,    0) (   0,    0) (   0,    0) (   0,    0)
          (   0,    0) (   0,    0) (   0,    0) (   0,    0) (   0,    0) (   0,    0) (   0,    0) (   0,    0) (   0,    0) (   0,    0)
          (   0,    0) (   0,    0) (   0,    0) (   0,    0) (   0,    0) (   0,    0) (   0,    0) (   0,    0) (   0,    0) (   0,    0)
          (   0,    0) (   0,    0) (   0,    0) (   0,    0) (   0,    0) (   0,    0) (   0,    0) (   0,    0) (   0,    0) (   0,    0)
          (   0,    0) (   0,    0) (   0,    0) (   0,    0) (   0,    0) (   0,    0) (   0,    0) (   0,    0) (   0,    0) (   0,    0)
          (   0,    0) (   0,    0) (   0,    0) (   0,    0) (   0,    0) (   0,    0) (   0,    0) (   0,    0) (   0,    0) (   0,    0)
          (   0,    0) (   0,    0) (   0,    0) (   0,    0) (   0,    0) (   0,    0) (   0,    0) (   0,    0) (   0,    0) (   0,    0)
          (   0,    0) (   0,    0) (   0,    0) (   0,    0) (   0,    0) (   0,    0) (   0,    0) (   0,    0) (   0,    0) (   0,    0)
          (   0,    0) (   0,    0) (   0,    0) (   0,    0) (   0,    0) (   0,    0) (   0,    0) (   0,    0) (   0,    0) (   0,    0)
          (   0,    0) (   0,    0) (   0,    0) (   0,    0) (   0,    0) (   0,    0) (   0,    0) (   0,    0) (   0,    0) (   0,    0)
          (   0,    0) (   0,    0) (   0,    0) (   0,    0) (   0,    0) (   0,    0) (   0,    0) (   0,    0) (   0,    0) (   0,    0)
          (   0,    0) (   0,    0) (   0,    0) (   0,    0) (   0,    0) (   0,    0) (   0,    0) (   0,    0) (   0,    0) (   0,    0)
          (   0,    0) (   0,    0) (   0,    0) (   0,    0) (   0,    0) (   0,    0) (   0,    0) (   0,    0) (   0,    0) (   0,    0)
          (   0,    0) (   0,    0) (   0,    0) (   0,    0) (   0,    0) (   0,    0) (   0,    0) (   0,    0) (   0,    0) (   0,    0)
          (   0,    0) (   0,    0) (   0,    0) (   0,    0) (   0,    0) (   0,    0) (   0,    0) (   0,    0) (   0,    0) (   0,    0)
          (   0,    0) (   0,    0) (   0,    0) (   0,    0) (   0,    0) (   0,    0) (   0,    0) (   0,    0) (   0,    0) (   0,    0)
          (   0,    0) (   0,    0) (   0,    0) (   0,    0) (   0,    0) (   0,    0) (   0,    0) (   0,    0) (   0,    0) (   0,    0)
          (   0,    0) (   0,    0) (   0,    0) (   0,    0) (   0,    0) (   0,    0) (   0,    0) (   0,    0) (   0,    0) (   0,    0)
          (   0,    0) (   0,    0) (   0,    0) (   0,    0) (   0,    0) (   0,    0) (   0,    0) (   0,    0) (   0,    0) (   0,    0)
          (   0,    0) (   0,    0) (   0,    0) (   0,    0) (   0,    0) (   0,    0) (   0,    0) (   0,    0) (   0,    0) (   0,    0)
          (   0,    0) (   0,    0) (   0,    0) (   0,    0) (   0,    0) (   0,    0) (   0,    0) (   0,    0) (   0,    0) (   0,    0)
          (   0,    0) (   0,    0) (   0,    0) (   0,    0) (   0,    0) (   0,    0) (   0,    0) (   0,    0) (   0,    0) (   0,    0)
          (   0,    0) (   0,    0) (   0,    0) (   0,    0) (   0,    0) (   0,    0) (   0,    0) (   0,    0) (   0,    0) (   0,    0)
          (   0,    0) (   0,    0) (   0,    0) (   0,    0) (   0,    0) (   0,    0) (   0,    0) (   0,    0) (   0,    0) (   0,    0)
          (   0,    0) (   0,    0) (   0,    0) (   0,    0) (   0,    0) (   0,    0) (   0,    0) (   0,    0) (   0,    0) (   0,    0)
          (   0,    0) (   0,    0) (   0,    0) (   0,    0) (   0,    0) (   0,    0) (   0,    0) (   0,    0) (   0,    0) (   0,    0)
          (   0,    0) (   0,    0) (   0,    0) (   0,    0) (   0,    0) (   0,    0) (   0,    0) (   0,    0) (   0,    0) (   0,    0)
          (   0,    0) (   0,    0) (   0,    0) (   0,    0) (   0,    0) (   0,    0) (   0,    0) (   0,    0) (   0,    0) (   0,    0)
          (   0,    0) (   0,    0) (   0,    0) (   0,    0) (   0,    0) (   0,    0) (   0,    0) (   0,    0) (   0,    0) (   0,    0)
          (   0,    0) (   0,    0) (   0,    0) (   0,    0) (   0,    0) (   0,    0) (   0,    0) (   0,    0) (   0,    0) (   0,    0)
          (   0,    0) (   0,    0) (   0,    0) (   0,    0) (   0,    0) (   0,    0) (   0,    0) (   0,    0) (   0,    0) (   0,    0)
          (   0,    0) (   0,    0) (   0,    0) (   0,    0) (   0,    0) (   0,    0) (   0,    0) (   0,    0) (   0,    0) (   0,    0)
          (   0,    0) (   0,    0) (   0,    0) (   0,    0) (   0,    0) (   0,    0) (   0,    0) (   0,    0) (   0,    0) (   0,    0)
          (   0,    0) (   0,    0) (   0,    0) (   0,    0) (   0,    0) (   0,    0) (   0,    0) (   0,    0) (   0,    0) (   0,    0)
          (   0,    0) (   0,    0) (   0,    0) (   0,    0) (   0,    0) (   0,    0) (   0,    0) (   0,    0) (   0,    0) (   0,    0)
          (   0,    0) (   0,    0) (   0,    0) (   0,    0) (   0,    0) (   0,    0) (   0,    0) (   0,    0) (   0,    0) (   0,    0)
          (   0,    0) (   0,    0) (   0,    0) (   0,    0) (   0,    0) (   0,    0) (   0,    0) (   0,    0) (   0,    0) (   0,    0)
          (   0,    0) (   0,    0) (   0,    0) (   0,    0) (   0,    0) (   0,    0) (   0,    0) (   0,    0) (   0,    0) (   0,    0)
          (   0,    0) (   0,    0) (   0,    0) (   0,    0) (   0,    0) (   0,    0) (   0,    0) (   0,    0) (   0,    0) (   0,    0)
          (   0,    0) (   0,    0) (   0,    0) (   0,    0) (   0,    0) (   0,    0) (   0,    0) (   0,    0) (   0,    0) (   0,    0)
         
node   3 sent_total     40  recv_total     38

node   4  (   1,    0) (   0,    0) (   0,    1) (   0,    0) (   0,    0) (   2,    0) (   0,    1) (   0,    0) (   0,    0) (   0,    0)
          (   2,    0) (   0,    1) (   0,    0) (   0,    0) (   0,    0) (   2,    0) (   0,    1) (   0,    0) (   0,    0) (   0,    0)
          (   2,    0) (   0,    2) (   0,    0) (   0,    0) (   0,    0) (   2,    0) (   0,    2) (   0,    0) (   0,    0) (   0,    0)
          (   2,    0) (   0,    2) (   0,    0) (   0,    0) (   0,    0) (   2,    0) (   0,    1) (   0,    0) (   0,    0) (   0,    0)
          (   2,    0) (   0,    3) (   0,    0) (   0,    0) (   0,    0) (   2,    0) (   0,    5) (   0,    0) (   0,    0) (   0,    0)
          (   2,    0) (   0,    0) (   0,    0) (   0,    0) (   0,    0) (   1,    0) (   0,    3) (   0,    0) (   0,    0) (   0,    0)
          (   2,    0) (   0,    4) (   0,    0) (   0,    0) (   0,    0) (   2,    0) (   0,    2) (   0,    0) (   0,    0) (   0,    0)
          (   2,    0) (   0,    3) (   0,    0) (   0,    0) (   0,    0) (   2,    0) (   0,    3) (   0,    0) (   0,    0) (   0,    0)
          (   2,    0) (   0,    4) (   0,    0) (   0,    0) (   0,    0) (   2,    0) (   0,    2) (   0,    0) (   0,    0) (   0,    0)
          (   2,    0) (   0,    1) (   0,    0) (   0,    0) (   0,    0) (   2,    0) (   0,    1) (   0,    0) (   0,    0) (   0,    0)
          (   2,    0) (   0,    4) (   0,    0) (   0,    0) (   0,    0) (   2,    0) (   0,    1) (   0,    0) (   0,    0) (   0,    0)
          (   2,    0) (   0,    1) (   0,    0) (   0,    0) (   0,    0) (   2,    0) (   0,    2) (   0,    0) (   0,    0) (   0,    0)
          (   0,    0) (   0,    3) (   0,    0) (   0,    0) (   0,    0) (   2,    0) (   0,    2) (   0,    0) (   0,    0) (   0,    0)
          (   2,    0) (   0,    1) (   0,    0) (   0,    0) (   0,    0) (   2,    0) (   0,    4) (   0,    0) (   0,    0) (   0,    0)
          (   2,    0) (   0,    2) (   0,    0) (   0,    0) (   0,    0) (   2,    0) (   0,    0) (   0,    0) (   0,    0) (   0,    0)
          (   2,    0) (   0,    1) (   0,    0) (   0,    0) (   0,    0) (   2,    0) (   0,    3) (   0,    0) (   0,    0) (   0,    0)
          (   2,    0) (   0,    3) (   0,    0) (   0,    0) (   0,    0) (   2,    0) (   0,    3) (   0,    0) (   0,    0) (   0,    0)
          (   2,    0) (   0,    6) (   0,    0) (   0,    0) (   0,    0) (   2,    0) (   0,    3) (   0,    0) (   0,    0) (   0,    0)
          (   2,    0) (   0,    0) (   0,    0) (   0,    0) (   0,    0) (   2,    0) (   0,    1) (   0,    0) (   0,    0) (   0,    0)
          (   1,    0) (   0,    0) (   0,    0) (   0,    0) (   0,    0) (   2,    0) (   0,    2) (   0,    0) (   0,    0) (   0,    0)
          (   2,    0) (   0,    3) (   0,    0) (   0,    0) (   0,    0) (   2,    0) (   0,    1) (   0,    0) (   0,    0) (   0,    0)
          (   2,    0) (   0,    1) (   0,    0) (   0,    0) (   0,    0) (   2,    0) (   0,    2) (   0,    0) (   0,    0) (   0,    0)
          (   2,    0) (   0,    2) (   0,    0) (   0,    0) (   0,    0) (   2,    0) (   0,    0) (   0,    0) (   0,    0) (   0,    0)
          (   2,    0) (   0,    1) (   0,    0) (   0,    0) (   0,    0) (   1,    0) (   0,    1) (   0,    0) (   0,    0) (   0,    0)
          (   2,    0) (   0,    6) (   0,    0) (   0,    0) (   0,    0) (   2,    0) (   0,    2) (   0,    0) (   0,    0) (   0,    0)
          (   2,    0) (   0,    3) (   0,    0) (   0,    0) (   0,    0) (   2,    0) (   0,    1) (   0,    0) (   0,    0) (   0,    0)
          (   2,    0) (   0,    2) (   0,    0) (   0,    0) (   0,    0) (   2,    0) (   0,    0) (   0,    0) (   0,    0) (   0,    0)
          (   2,    0) (   0,    2) (   0,    0) (   0,    0) (   0,    0) (   2,    0) (   0,    1) (   0,    0) (   0,    0) (   0,    0)
          (   2,    0) (   0,    0) (   0,    0) (   0,    0) (   0,    0) (   2,    0) (   0,    0) (   0,    0) (   0,    0) (   0,    0)
          (   2,    0) (   0,    2) (   0,    0) (   0,    0) (   0,    0) (   2,    0) (   0,    0) (   0,    0) (   0,    0) (   0,    0)
          (   1,    0) (   0,    0) (   0,    0) (   0,    0) (   0,    0) (   2,    0) (   0,    4) (   0,    0) (   0,    0) (   0,    0)
          (   2,    0) (   0,    3) (   0,    0) (   0,    0) (   0,    0) (   2,    0) (   0,    2) (   0,    0) (   0,    0) (   0,    0)
          (   2,    0) (   0,    2) (   0,    0) (   0,    0) (   0,    0) (   2,    0) (   0,    0) (   0,    0) (   0,    0) (   0,    0)
          (   2,    0) (   0,    3) (   0,    0) (   0,    0) (   0,    0) (   2,    0) (   0,    2) (   0,    0) (   0,    0) (   0,    0)
          (   2,    0) (   0,    2) (   0,    0) (   0,    0) (   0,    0) (   2,    0) (   0,    2) (   0,    0) (   0,    0) (   0,    0)
          (   2,    0) (   0,    3) (   0,    0) (   0,    0) (   0,    0) (   2,    0) (   0,    2) (   0,    0) (   0,    0) (   0,    0)
          (   2,    0) (   0,    3) (   0,    0) (   0,    0) (   0,    0) (   2,    0) (   0,    1) (   0,    0) (   0,    0) (   0,    0)
          (   2,    0) (   0,    1) (   0,    0) (   0,    0) (   0,    0) (   2,    0) (   0,    1) (   0,    0) (   0,    0) (   0,    0)
          (   2,    0) (   0,    0) (   0,    0) (   0,    0) (   0,    0) (   2,    0) (   0,    2) (   0,    0) (   0,    0) (   0,    0)
          (   2,    0) (   0,    3) (   0,    0) (   0,    0) (   0,    0) (   2,    0) (   0,    1) (   0,    0) (   0,    0) (   0,    0)
          (   2,    0) (   0,    0) (   0,    0) (   0,    0) (   0,    0) (   2,    0) (   0,    3) (   0,    0) (   0,    0) (   0,    0)
          (   2,    0) (   0,    3) (   0,    0) (   0,    0) (   0,    0) (   2,    0) (   0,    3) (   0,    0) (   0,    0) (   0,    0)
          (   2,    0) (   0,    1) (   0,    0) (   0,    0) (   0,    0) (   2,    0) (   0,    1) (   0,    0) (   0,    0) (   0,    0)
          (   2,    0) (   0,    8) (   0,    0) (   0,    0) (   0,    0) (   2,    0) (   0,    1) (   0,    0) (   0,    0) (   0,    0)
          (   2,    0) (   0,    1) (   0,    0) (   0,    0) (   0,    0) (   2,    0) (   0,    3) (   0,    0) (   0,    0) (   0,    0)
          (   2,    0) (   0,    1) (   0,    0) (   0,    0) (   0,    0) (   2,    0) (   0,    3) (   0,    0) (   0,    0) (   0,    0)
          (   2,    0) (   0,    3) (   0,    0) (   0,    0) (   0,    0) (   2,    0) (   0,    1) (   0,    0) (   0,    0) (   0,    0)
          (   2,    0) (   0,    2) (   0,    0) (   0,    0) (   0,    0) (   2,    0) (   0,    2) (   0,    0) (   0,    0) (   0,    0)
          (   2,    0) (   0,    0) (   0,    0) (   0,    0) (   0,    0) (   2,    0) (   0,    3) (   0,    0) (   0,    0) (   0,    0)
          (   2,    0) (   0,    2) (   0,    0) (   0,    0) (   0,    0) (   2,    0) (   0,    4) (   0,    0) (   0,    0) (   0,    0)
          (   2,    0) (   0,    1) (   0,    0) (   0,    0) (   0,    0) (   2,    0) (   0,    4) (   0,    0) (   0,    0) (   0,    0)
          (   2,    0) (   0,    2) (   0,    0) (   0,    0) (   0,    0) (   2,    0) (   0,    1) (   0,    0) (   0,    0) (   0,    0)
          (   2,    0) (   0,    3) (   0,    0) (   0,    0) (   0,    0) (   2,    0) (   0,    3) (   0,    0) (   0,    0) (   0,    0)
          (   2,    0) (   0,    3) (   0,    0) (   0,    0) (   0,    0) (   2,    0) (   0,    2) (   0,    0) (   0,    0) (   0,    0)
          (   2,    0) (   0,    2) (   0,    0) (   0,    0) (   0,    0) (   2,    0) (   0,    1) (   0,    0) (   0,    0) (   0,    0)
          (   2,    0) (   0,    1) (   0,    0) (   0,    0) (   0,    0) (   2,    0) (   0,    3) (   0,    0) (   0,    0) (   0,    0)
          (   2,    0) (   0,    2) (   0,    0) (   0,    0) (   0,    0) (   2,    0) (   0,    1) (   0,    0) (   0,    0) (   0,    0)
          (   2,    0) (   0,    1) (   0,    0) (   0,    0) (   0,    0) (   2,    0) (   0,    2) (   0,    0) (   0,    0) (   0,    0)
          (   2,    0) (   0,    0) (   0,    0) (   0,    0) (   0,    0) (   2,    0) (   0,    2) (   0,    0) (   0,    0) (   0,    0)
          (   2,    0) (   0,    1) (   0,    0) (   0,    0) (   0,    0) (   2,    0) (   0,    0) (   0,    0) (   0,    0) (   0,    0)
          (   2,    0) (   0,    2) (   0,    0) (   0,    0) (   0,    0) (   2,    0) (   0,    0) (   0,    0) (   0,    0) (   0,    0)
          (   2,    0) (   0,    1) (   0,    0) (   0,    0) (   0,    0) (   2,    0) (   0,    0) (   0,    0) (   0,    0) (   0,    0)
          (   2,    0) (   0,    2) (   0,    0) (   0,    0) (   0,    0) (   2,    0) (   0,    0) (   0,    0) (   0,    0) (   0,    0)
          (   2,    0) (   0,    1) (   0,    0) (   0,    0) (   0,    0) (   2,    0) (   0,    2) (   0,    0) (   0,    0) (   0,    0)
          (   2,    0) (   0,    1) (   0,    0) (   0,    0) (   0,    0) (   2,    0) (   0,    3) (   0,    0) (   0,    0) (   0,    0)
          (   2,    0) (   0,    2) (   0,    0) (   0,    0) (   0,    0) (   2,    0) (   0,    0) (   0,    0) (   0,    0) (   0,    0)
          (   2,    0) (   0,    1) (   0,    0) (   0,    0) (   0,    0) (   2,    0) (   0,    4) (   0,    0) (   0,    0) (   0,    0)
          (   2,    0) (   0,    4) (   0,    0) (   0,    0) (   0,    0) (   2,    0) (   0,    2) (   0,    0) (   0,    0) (   0,    0)
          (   2,    0) (   0,    2) (   0,    0) (   0,    0) (   0,    0) (   2,    0) (   0,    3) (   0,    0) (   0,    0) (   0,    0)
          (   2,    0) (   0,    0) (   0,    0) (   0,    0) (   0,    0) (   2,    0) (   0,    2) (   0,    0) (   0,    0) (   0,    0)
         
node   4 sent_total    273  recv_total    263

node   5  (   0,    0) (   1,    0) (   0,    0) (   0,    1) (   0,    0) (   2,    0) (   0,    0) (   0,    0) (   0,    0) (   0,    0)
          (   2,    0) (   0,    0) (   0,    0) (   0,    0) (   0,    0) (   2,    0) (   0,    3) (   0,    0) (   0,    0) (   0,    0)
          (   2,    0) (   0,    0) (   0,    0) (   0,    0) (   0,    0) (   2,    0) (   0,    3) (   0,    0) (   0,    0) (   0,    0)
          (   2,    0) (   0,    1) (   0,    0) (   0,    0) (   0,    0) (   2,    0) (   0,    3) (   0,    0) (   0,    0) (   0,    0)
          (   2,    0) (   0,    1) (   0,    0) (   0,    0) (   0,    0) (   2,    0) (   0,    1) (   0,    0) (   0,    0) (   0,    0)
          (   2,    0) (   0,    2) (   0,    0) (   0,    0) (   0,    0) (   2,    0) (   0,    1) (   0,    0) (   0,    0) (   0,    0)
          (   2,    0) (   0,    0) (   0,    0) (   0,    0) (   0,    0) (   1,    0) (   0,    3) (   0,    0) (   0,    0) (   0,    0)
          (   2,    0) (   0,    2) (   0,    0) (   0,    0) (   0,    0) (   1,    0) (   0,    1) (   0,    0) (   0,    0) (   0,    0)
          (   2,    0) (   0,    2) (   0,    0) (   0,    0) (   0,    0) (   2,    0) (   0,    3) (   0,    0) (   0,    0) (   0,    0)
          (   2,    0) (   0,    4) (   0,    0) (   0,    0) (   0,    0) (   2,    0) (   0,    0) (   0,    0) (   0,    0) (   0,    0)
          (   2,    0) (   0,    0) (   0,    0) (   0,    0) (   0,    0) (   2,    0) (   0,    0) (   0,    0) (   0,    0) (   0,    0)
          (   2,    0) (   0,    1) (   0,    0) (   0,    0) (   0,    0) (   2,    0) (   0,    1) (   0,    0) (   0,    0) (   0,    0)
          (   2,    0) (   0,    2) (   0,    0) (   0,    0) (   0,    0) (   2,    0) (   0,    3) (   0,    0) (   0,    0) (   0,    0)
          (   2,    0) (   0,    2) (   0,    0) (   0,    0) (   0,    0) (   2,    0) (   0,    0) (   0,    0) (   0,    0) (   0,    0)
          (   2,    0) (   0,    1) (   0,    0) (   0,    0) (   0,    0) (   1,    0) (   0,    5) (   0,    0) (   0,    0) (   0,    0)
          (   2,    0) (   0,    2) (   0,    0) (   0,    0) (   0,    0) (   2,    0) (   0,    3) (   0,    0) (   0,    0) (   0,    0)
          (   2,    0) (   0,    1) (   0,    0) (   0,    0) (   0,    0) (   2,    0) (   0,    1) (   0,    0) (   0,    0) (   0,    0)
          (   2,    0) (   0,    0) (   0,    0) (   0,    0) (   0,    0) (   2,    0) (   0,    2) (   0,    0) (   0,    0) (   0,    0)
          (   2,    0) (   0,    1) (   0,    0) (   0,    0) (   0,    0) (   2,    0) (   0,    1) (   0,    0) (   0,    0) (   0,    0)
          (   1,    0) (   0,    2) (   0,    0) (   0,    0) (   0,    0) (   2,    0) (   0,    2) (   0,    0) (   0,    0) (   0,    0)
          (   2,    0) (   0,    2) (   0,    0) (   0,    0) (   0,    0) (   2,    0) (   0,    2) (   0,    0) (   0,    0) (   0,    0)
          (   2,    0) (   0,    2) (   0,    0) (   0,    0) (   0,    0) (   2,    0) (   0,    1) (   0,    0) (   0,    0) (   0,    0)
          (   2,    0) (   0,    1) (   0,    0) (   0,    0) (   0,    0) (   2,    0) (   0,    4) (   0,    0) (   0,    0) (   0,    0)
          (   2,    0) (   0,    1) (   0,    0) (   0,    0) (   0,    0) (   2,    0) (   0,    0) (   0,    0) (   0,    0) (   0,    0)
          (   2,    0) (   0,    2) (   0,    0) (   0,    0) (   0,    0) (   2,    0) (   0,    2) (   0,    0) (   0,    0) (   0,    0)
          (   1,    0) (   0,    0) (   0,    0) (   0,    0) (   0,    0) (   2,    0) (   0,    2) (   0,    0) (   0,    0) (   0,    0)
          (   2,    0) (   0,    6) (   0,    0) (   0,    0) (   0,    0) (   2,    0) (   0,    3) (   0,    0) (   0,    0) (   0,    0)
          (   2,    0) (   0,    2) (   0,    0) (   0,    0) (   0,    0) (   2,    0) (   0,    1) (   0,    0) (   0,    0) (   0,    0)
          (   1,    0) (   0,    2) (   0,    0) (   0,    0) (   0,    0) (   2,    0) (   0,    2) (   0,    0) (   0,    0) (   0,    0)
          (   2,    0) (   0,    1) (   0,    0) (   0,    0) (   0,    0) (   1,    0) (   0,    2) (   0,    0) (   0,    0) (   0,    0)
          (   1,    0) (   0,    1) (   0,    0) (   0,    0) (   0,    0) (   2,    0) (   0,    1) (   0,    0) (   0,    0) (   0,    0)
          (   2,    0) (   0,    3) (   0,    0) (   0,    0) (   0,    0) (   2,    0) (   0,    2) (   0,    0) (   0,    0) (   0,    0)
          (   2,    0) (   0,    2) (   0,    0) (   0,    0) (   0,    0) (   2,    0) (   0,    2) (   0,    0) (   0,    0) (   0,    0)
          (   2,    0) (   0,    0) (   0,    0) (   0,    0) (   0,    0) (   2,    0) (   0,    1) (   0,    0) (   0,    0) (   0,    0)
          (   2,    0) (   0,    1) (   0,    0) (   0,    0) (   0,    0) (   2,    0) (   0,    2) (   0,    0) (   0,    0) (   0,    0)
          (   2,    0) (   0,    2) (   0,    0) (   0,    0) (   0,    0) (   2,    0) (   0,    2) (   0,    0) (   0,    0) (   0,    0)
          (   2,    0) (   0,    1) (   0,    0) (   0,    0) (   0,    0) (   2,    0) (   0,    3) (   0,    0) (   0,    0) (   0,    0)
          (   2,    0) (   0,    4) (   0,    0) (   0,    0) (   0,    0) (   2,    0) (   0,    3) (   0,    0) (   0,    0) (   0,    0)
          (   2,    0) (   0,    2) (   0,    0) (   0,    0) (   0,    0) (   2,    0) (   0,    2) (   0,    0) (   0,    0) (   0,    0)
          (   2,    0) (   0,    0) (   0,    0) (   0,    0) (   0,    0) (   2,    0) (   0,    2) (   0,    0) (   0,    0) (   0,    0)
          (   2,    0) (   0,    3) (   0,    0) (   0,    0) (   0,    0) (   2,    0) (   0,    1) (   0,    0) (   0,    0) (   0,    0)
          (   2,    0) (   0,    1) (   0,    0) (   0,    0) (   0,    0) (   2,    0) (   0,    1) (   0,    0) (   0,    0) (   0,    0)
          (   2,    0) (   0,    2) (   0,    0) (   0,    0) (   0,    0) (   2,    0) (   0,    3) (   0,    0) (   0,    0) (   0,    0)
          (   2,    0) (   0,    4) (   0,    0) (   0,    0) (   0,    0) (   2,    0) (   0,    2) (   0,    0) (   0,    0) (   0,    0)
          (   2,    0) (   0,    3) (   0,    0) (   0,    0) (   0,    0) (   2,    0) (   0,    3) (   0,    0) (   0,    0) (   0,    0)
          (   2,    0) (   0,    2) (   0,    0) (   0,    0) (   0,    0) (   2,    0) (   0,    2) (   0,    0) (   0,    0) (   0,    0)
          (   2,    0) (   0,    3) (   0,    0) (   0,    0) (   0,    0) (   2,    0) (   0,    4) (   0,    0) (   0,    0) (   0,    0)
          (   2,    0) (   0,    1) (   0,    0) (   0,    0) (   0,    0) (   2,    0) (   0,    0) (   0,    0) (   0,    0) (   0,    0)
          (   2,    0) (   0,    1) (   0,    0) (   0,    0) (   0,    0) (   2,    0) (   0,    2) (   0,    0) (   0,    0) (   0,    0)
          (   2,    0) (   0,    3) (   0,    0) (   0,    0) (   0,    0) (   2,    0) (   0,    3) (   0,    0) (   0,    0) (   0,    0)
          (   2,    0) (   0,    3) (   0,    0) (   0,    0) (   0,    0) (   2,    0) (   0,    0) (   0,    0) (   0,    0) (   0,    0)
          (   2,    0) (   0,    1) (   0,    0) (   0,    0) (   0,    0) (   2,    0) (   0,    2) (   0,    0) (   0,    0) (   0,    0)
          (   2,    0) (   0,    3) (   0,    0) (   0,    0) (   0,    0) (   2,    0) (   0,    3) (   0,    0) (   0,    0) (   0,    0)
          (   2,    0) (   0,    0) (   0,    0) (   0,    0) (   0,    0) (   2,    0) (   0,    1) (   0,    0) (   0,    0) (   0,    0)
          (   2,    0) (   0,    6) (   0,    0) (   0,    0) (   0,    0) (   2,    0) (   0,    3) (   0,    0) (   0,    0) (   0,    0)
          (   2,    0) (   0,    0) (   0,    0) (   0,    0) (   0,    0) (   2,    0) (   0,    1) (   0,    0) (   0,    0) (   0,    0)
          (   2,    0) (   0,    4) (   0,    0) (   0,    0) (   0,    0) (   2,    0) (   0,    4) (   0,    0) (   0,    0) (   0,    0)
          (   2,    0) (   0,    3) (   0,    0) (   0,    0) (   0,    0) (   2,    0) (   0,    2) (   0,    0) (   0,    0) (   0,    0)
          (   2,    0) (   0,    5) (   0,    0) (   0,    0) (   0,    0) (   2,    0) (   0,    2) (   0,    0) (   0,    0) (   0,    0)
          (   2,    0) (   0,    2) (   0,    0) (   0,    0) (   0,    0) (   2,    0) (   0,    2) (   0,    0) (   0,    0) (   0,    0)
          (   2,    0) (   0,    0) (   0,    0) (   0,    0) (   0,    0) (   2,    0) (   0,    0) (   0,    0) (   0,    0) (   0,    0)
          (   2,    0) (   0,    1) (   0,    0) (   0,    0) (   0,    0) (   2,    0) (   0,    5) (   0,    0) (   0,    0) (   0,    0)
          (   2,    0) (   0,    5) (   0,    0) (   0,    0) (   0,    0) (   2,    0) (   0,    3) (   0,    0) (   0,    0) (   0,    0)
          (   2,    0) (   0,    0) (   0,    0) (   0,    0) (   0,    0) (   2,    0) (   0,    2) (   0,    0) (   0,    0) (   0,    0)
          (   2,    0) (   0,    2) (   0,    0) (   0,    0) (   0,    0) (   2,    0) (   0,    2) (   0,    0) (   0,    0) (   0,    0)
          (   2,    0) (   0,    1) (   0,    0) (   0,    0) (   0,    0) (   2,    0) (   0,    3) (   0,    0) (   0,    0) (   0,    0)
          (   2,    0) (   0,    2) (   0,    0) (   0,    0) (   0,    0) (   2,    0) (   0,    2) (   0,    0) (   0,    0) (   0,    0)
          (   2,    0) (   0,    0) (   0,    0) (   0,    0) (   0,    0) (   2,    0) (   0,    1) (   0,    0) (   0,    0) (   0,    0)
          (   2,    0) (   0,    2) (   0,    0) (   0,    0) (   0,    0) (   2,    0) (   0,    1) (   0,    0) (   0,    0) (   0,    0)
          (   2,    0) (   0,    2) (   0,    0) (   0,    0) (   0,    0) (   2,    0) (   0,    1) (   0,    0) (   0,    0) (   0,    0)
         
node   5 sent_total    271  recv_total    261

node   6  (   0,    0) (   1,    0) (   0,    0) (   0,    1) (   0,    0) (   2,    0) (   0,    0) (   0,    0) (   0,    0) (   0,    0)
          (   2,    0) (   0,    1) (   0,    0) (   0,    0) (   0,    0) (   2,    0) (   0,    1) (   0,    0) (   0,    0) (   0,    0)
          (   2,    0) (   0,    3) (   0,    0) (   0,    0) (   0,    0) (   2,    0) (   0,    3) (   0,    0) (   0,    0) (   0,    0)
          (   2,    0) (   0,    5) (   0,    0) (   0,    0) (   0,    0) (   2,    0) (   0,    2) (   0,    0) (   0,    0) (   0,    0)
          (   2,    0) (   0,    1) (   0,    0) (   0,    0) (   0,    0) (   2,    0) (   0,    1) (   0,    0) (   0,    0) (   0,    0)
          (   2,    0) (   0,    2) (   0,    0) (   0,    0) (   0,    0) (   2,    0) (   0,    2) (   0,    0) (   0,    0) (   0,    0)
          (   2,    0) (   0,    4) (   0,    0) (   0,    0) (   0,    0) (   1,    0) (   0,    1) (   0,    0) (   0,    0) (   0,    0)
          (   2,    0) (   0,    2) (   0,    0) (   0,    0) (   0,    0) (   2,    0) (   0,    1) (   0,    0) (   0,    0) (   0,    0)
          (   2,    0) (   0,    5) (   0,    0) (   0,    0) (   0,    0) (   1,    0) (   0,    1) (   0,    0) (   0,    0) (   0,    0)
          (   2,    0) (   0,    0) (   0,    0) (   0,    0) (   0,    0) (   2,    0) (   0,    2) (   0,    0) (   0,    0) (   0,    0)
          (   2,    0) (   0,    2) (   0,    0) (   0,    0) (   0,    0) (   2,    0) (   0,    6) (   0,    0) (   0,    0) (   0,    0)
          (   2,    0) (   0,    1) (   0,    0) (   0,    0) (   0,    0) (   2,    0) (   0,    3) (   0,    0) (   0,    0) (   0,    0)
          (   2,    0) (   0,    1) (   0,    0) (   0,    0) (   0,    0) (   2,    0) (   0,    2) (   0,    0) (   0,    0) (   0,    0)
          (   2,    0) (   0,    1) (   0,    0) (   0,    0) (   0,    0) (   2,    0) (   0,    0) (   0,    0) (   0,    0) (   0,    0)
          (   2,    0) (   0,    3) (   0,    0) (   0,    0) (   0,    0) (   2,    0) (   0,    0) (   0,    0) (   0,    0) (   0,    0)
          (   2,    0) (   0,    3) (   0,    0) (   0,    0) (   0,    0) (   2,    0) (   0,    1) (   0,    0) (   0,    0) (   0,    0)
          (   2,    0) (   0,    4) (   0,    0) (   0,    0) (   0,    0) (   1,    0) (   0,    2) (   0,    0) (   0,    0) (   0,    0)
          (   1,    0) (   0,    0) (   0,    0) (   0,    0) (   0,    0) (   2,    0) (   0,    0) (   0,    0) (   0,    0) (   0,    0)
          (   2,    0) (   0,    4) (   0,    0) (   0,    0) (   0,    0) (   2,    0) (   0,    2) (   0,    0) (   0,    0) (   0,    0)
          (   1,    0) (   0,    2) (   0,    0) (   0,    0) (   0,    0) (   2,    0) (   0,    1) (   0,    0) (   0,    0) (   0,    0)
          (   2,    0) (   0,    2) (   0,    0) (   0,    0) (   0,    0) (   2,    0) (   0,    3) (   0,    0) (   0,    0) (   0,    0)
          (   2,    0) (   0,    5) (   0,    0) (   0,    0) (   0,    0) (   1,    0) (   0,    0) (   0,    0) (   0,    0) (   0,    0)
          (   2,    0) (   0,    3) (   0,    0) (   0,    0) (   0,    0) (   2,    0) (   0,    4) (   0,    0) (   0,    0) (   0,    0)
          (   2,    0) (   0,    2) (   0,    0) (   0,    0) (   0,    0) (   2,    0) (   0,    2) (   0,    0) (   0,    0) (   0,    0)
          (   2,    0) (   0,    0) (   0,    0) (   0,    0) (   0,    0) (   2,    0) (   0,    1) (   0,    0) (   0,    0) (   0,    0)
          (   2,    0) (   0,    0) (   0,    0) (   0,    0) (   0,    0) (   2,    0) (   0,    2) (   0,    0) (   0,    0) (   0,    0)
          (   2,    0) (   0,    0) (   0,    0) (   0,    0) (   0,    0) (   2,    0) (   0,    1) (   0,    0) (   0,    0) (   0,    0)
          (   2,    0) (   0,    2) (   0,    0) (   0,    0) (   0,    0) (   2,    0) (   0,    1) (   0,    0) (   0,    0) (   0,    0)
          (   2,    0) (   0,    1) (   0,    0) (   0,    0) (   0,    0) (   2,    0) (   0,    1) (   0,    0) (   0,    0) (   0,    0)
          (   2,    0) (   0,    2) (   0,    0) (   0,    0) (   0,    0) (   2,    0) (   0,    4) (   0,    0) (   0,    0) (   0,    0)
          (   2,    0) (   0,    2) (   0,    0) (   0,    0) (   0,    0) (   2,    0) (   0,    2) (   0,    0) (   0,    0) (   0,    0)
          (   2,    0) (   0,    1) (   0,    0) (   0,    0) (   0,    0) (   2,    0) (   0,    2) (   0,    0) (   0,    0) (   0,    0)
          (   2,    0) (   0,    3) (   0,    0) (   0,    0) (   0,    0) (   2,    0) (   0,    1) (   0,    0) (   0,    0) (   0,    0)
          (   2,    0) (   0,    1) (   0,    0) (   0,    0) (   0,    0) (   2,    0) (   0,    2) (   0,    0) (   0,    0) (   0,    0)
          (   2,    0) (   0,    3) (   0,    0) (   0,    0) (   0,    0) (   2,    0) (   0,    0) (   0,    0) (   0,    0) (   0,    0)
          (   2,    0) (   0,    2) (   0,    0) (   0,    0) (   0,    0) (   2,    0) (   0,    4) (   0,    0) (   0,    0) (   0,    0)
          (   2,    0) (   0,    1) (   0,    0) (   0,    0) (   0,    0) (   2,    0) (   0,    1) (   0,    0) (   0,    0) (   0,    0)
          (   2,    0) (   0,    2) (   0,    0) (   0,    0) (   0,    0) (   2,    0) (   0,    2) (   0,    0) (   0,    0) (   0,    0)
          (   2,    0) (   0,    3) (   0,    0) (   0,    0) (   0,    0) (   2,    0) (   0,    2) (   0,    0) (   0,    0) (   0,    0)
          (   2,    0) (   0,    3) (   0,    0) (   0,    0) (   0,    0) (   2,    0) (   0,    1) (   0,    0) (   0,    0) (   0,    0)
          (   2,    0) (   0,    3) (   0,    0) (   0,    0) (   0,    0) (   2,    0) (   0,    3) (   0,    0) (   0,    0) (   0,    0)
          (   2,    0) (   0,    0) (   0,    0) (   0,    0) (   0,    0) (   2,    0) (   0,    2) (   0,    0) (   0,    0) (   0,    0)
          (   2,    0) (   0,    2) (   0,    0) (   0,    0) (   0,    0) (   2,    0) (   0,    3) (   0,    0) (   0,    0) (   0,    0)
          (   2,    0) (   0,    0) (   0,    0) (   0,    0) (   0,    0) (   2,    0) (   0,    2) (   0,    0) (   0,    0) (   0,    0)
          (   2,    0) (   0,    4) (   0,    0) (   0,    0) (   0,    0) (   2,    0) (   0,    3) (   0,    0) (   0,    0) (   0,    0)
          (   2,    0) (   0,    4) (   0,    0) (   0,    0) (   0,    0) (   2,    0) (   0,    2) (   0,    0) (   0,    0) (   0,    0)
          (   2,    0) (   0,    0) (   0,    0) (   0,    0) (   0,    0) (   2,    0) (   0,    2) (   0,    0) (   0,    0) (   0,    0)
          (   2,    0) (   0,    1) (   0,    0) (   0,    0) (   0,    0) (   2,    0) (   0,    3) (   0,    0) (   0,    0) (   0,    0)
          (   2,    0) (   0,    2) (   0,    0) (   0,    0) (   0,    0) (   2,    0) (   0,    2) (   0,    0) (   0,    0) (   0,    0)
          (   2,    0) (   0,    3) (   0,    0) (   0,    0) (   0,    0) (   2,    0) (   0,    1) (   0,    0) (   0,    0) (   0,    0)
          (   2,    0) (   0,    1) (   0,    0) (   0,    0) (   0,    0) (   2,    0) (   0,    0) (   0,    0) (   0,    0) (   0,    0)
          (   2,    0) (   0,    2) (   0,    0) (   0,    0) (   0,    0) (   2,    0) (   0,    2) (   0,    0) (   0,    0) (   0,    0)
          (   2,    0) (   0,    0) (   0,    0) (   0,    0) (   0,    0) (   2,    0) (   0,    2) (   0,    0) (   0,    0) (   0,    0)
          (   2,    0) (   0,    4) (   0,    0) (   0,    0) (   0,    0) (   2,    0) (   0,    2) (   0,    0) (   0,    0) (   0,    0)
          (   2,    0) (   0,    1) (   0,    0) (   0,    0) (   0,    0) (   2,    0) (   0,    0) (   0,    0) (   0,    0) (   0,    0)
          (   2,    0) (   0,    4) (   0,    0) (   0,    0) (   0,    0) (   2,    0) (   0,    1) (   0,    0) (   0,    0) (   0,    0)
          (   2,    0) (   0,    2) (   0,    0) (   0,    0) (   0,    0) (   2,    0) (   0,    3) (   0,    0) (   0,    0) (   0,    0)
          (   2,    0) (   0,    3) (   0,    0) (   0,    0) (   0,    0) (   2,    0) (   0,    1) (   0,    0) (   0,    0) (   0,    0)
          (   2,    0) (   0,    2) (   0,    0) (   0,    0) (   0,    0) (   2,    0) (   0,    1) (   0,    0) (   0,    0) (   0,    0)
          (   2,    0) (   0,    1) (   0,    0) (   0,    0) (   0,    0) (   2,    0) (   0,    4) (   0,    0) (   0,    0) (   0,    0)
          (   2,    0) (   0,    2) (   0,    0) (   0,    0) (   0,    0) (   2,    0) (   0,    2) (   0,    0) (   0,    0) (   0,    0)
          (   2,    0) (   0,    2) (   0,    0) (   0,    0) (   0,    0) (   2,    0) (   0,    4) (   0,    0) (   0,    0) (   0,    0)
          (   2,    0) (   0,    1) (   0,    0) (   0,    0) (   0,    0) (   2,    0) (   0,    3) (   0,    0) (   0,    0) (   0,    0)
          (   2,    0) (   0,    1) (   0,    0) (   0,    0) (   0,    0) (   2,    0) (   0,    4) (   0,    0) (   0,    0) (   0,    0)
          (   2,    0) (   0,    3) (   0,    0) (   0,    0) (   0,    0) (   2,    0) (   0,    1) (   0,    0) (   0,    0) (   0,    0)
          (   2,    0) (   0,    7) (   0,    0) (   0,    0) (   0,    0) (   2,    0) (   0,    2) (   0,    0) (   0,    0) (   0,    0)
          (   2,    0) (   0,    2) (   0,    0) (   0,    0) (   0,    0) (   2,    0) (   0,    4) (   0,    0) (   0,    0) (   0,    0)
          (   2,    0) (   0,    5) (   0,    0) (   0,    0) (   0,    0) (   2,    0) (   0,    3) (   0,    0) (   0,    0) (   0,    0)
          (   2,    0) (   0,    1) (   0,    0) (   0,    0) (   0,    0) (   2,    0) (   0,    1) (   0,    0) (   0,    0) (   0,    0)
          (   2,    0) (   0,    3) (   0,    0) (   0,    0) (   0,    0) (   2,    0) (   0,    3) (   0,    0) (   0,    0) (   0,    0)
         
node   6 sent_total    273  recv_total    282

node   7  (   0,    0) (   1,    0) (   0,    0) (   0,    1) (   0,    0) (   2,    0) (   0,    1) (   0,    0) (   0,    0) (   0,    0)
          (   2,    0) (   0,    1) (   0,    0) (   0,    0) (   0,    0) (   2,    0) (   0,    0) (   0,    0) (   0,    0) (   0,    0)
          (   2,    0) (   0,    3) (   0,    0) (   0,    0) (   0,    0) (   2,    0) (   0,    3) (   0,    0) (   0,    0) (   0,    0)
          (   2,    0) (   0,    3) (   0,    0) (   0,    0) (   0,    0) (   2,    0) (   0,    0) (   0,    0) (   0,    0) (   0,    0)
          (   2,    0) (   0,    3) (   0,    0) (   0,    0) (   0,    0) (   2,    0) (   0,    1) (   0,    0) (   0,    0) (   0,    0)
          (   2,    0) (   0,    4) (   0,    0) (   0,    0) (   0,    0) (   1,    0) (   0,    0) (   0,    0) (   0,    0) (   0,    0)
          (   2,    0) (   0,    2) (   0,    0) (   0,    0) (   0,    0) (   1,    0) (   0,    2) (   0,    0) (   0,    0) (   0,    0)
          (   2,    0) (   0,    1) (   0,    0) (   0,    0) (   0,    0) (   1,    0) (   0,    0) (   0,    0) (   0,    0) (   0,    0)
          (   2,    0) (   0,    3) (   0,    0) (   0,    0) (   0,    0) (   2,    0) (   0,    3) (   0,    0) (   0,    0) (   0,    0)
          (   2,    0) (   0,    1) (   0,    0) (   0,    0) (   0,    0) (   2,    0) (   0,    3) (   0,    0) (   0,    0) (   0,    0)
          (   1,    0) (   0,    3) (   0,    0) (   0,    0) (   0,    0) (   1,    0) (   0,    2) (   0,    0) (   0,    0) (   0,    0)
          (   2,    0) (   0,    1) (   0,    0) (   0,    0) (   0,    0) (   2,    0) (   0,    2) (   0,    0) (   0,    0) (   0,    0)
          (   2,    0) (   0,    1) (   0,    0) (   0,    0) (   0,    0) (   2,    0) (   0,    1) (   0,    0) (   0,    0) (   0,    0)
          (   2,    0) (   0,    2) (   0,    0) (   0,    0) (   0,    0) (   1,    0) (   0,    1) (   0,    0) (   0,    0) (   0,    0)
          (   2,    0) (   0,    4) (   0,    0) (   0,    0) (   0,    0) (   2,    0) (   0,    1) (   0,    0) (   0,    0) (   0,    0)
          (   2,    0) (   0,    2) (   0,    0) (   0,    0) (   0,    0) (   2,    0) (   0,    2) (   0,    0) (   0,    0) (   0,    0)
          (   2,    0) (   0,    0) (   0,    0) (   0,    0) (   0,    0) (   1,    0) (   0,    1) (   0,    0) (   0,    0) (   0,    0)
          (   1,    0) (   0,    2) (   0,    0) (   0,    0) (   0,    0) (   2,    0) (   0,    4) (   0,    0) (   0,    0) (   0,    0)
          (   2,    0) (   0,    2) (   0,    0) (   0,    0) (   0,    0) (   1,    0) (   0,    3) (   0,    0) (   0,    0) (   0,    0)
          (   1,    0) (   0,    0) (   0,    0) (   0,    0) (   0,    0) (   2,    0) (   0,    2) (   0,    0) (   0,    0) (   0,    0)
          (   2,    0) (   0,    2) (   0,    0) (   0,    0) (   0,    0) (   1,    0) (   0,    3) (   0,    0) (   0,    0) (   0,    0)
          (   2,    0) (   0,    1) (   0,    0) (   0,    0) (   0,    0) (   2,    0) (   0,    2) (   0,    0) (   0,    0) (   0,    0)
          (   2,    0) (   0,    1) (   0,    0) (   0,    0) (   0,    0) (   2,    0) (   0,    1) (   0,    0) (   0,    0) (   0,    0)
          (   1,    0) (   0,    2) (   0,    0) (   0,    0) (   0,    0) (   2,    0) (   0,    3) (   0,    0) (   0,    0) (   0,    0)
          (   1,    0) (   0,    2) (   0,    0) (   0,    0) (   0,    0) (   2,    0) (   0,    1) (   0,    0) (   0,    0) (   0,    0)
          (   1,    0) (   0,    2) (   0,    0) (   0,    0) (   0,    0) (   2,    0) (   0,    1) (   0,    0) (   0,    0) (   0,    0)
          (   1,    0) (   0,    2) (   0,    0) (   0,    0) (   0,    0) (   2,    0) (   0,    0) (   0,    0) (   0,    0) (   0,    0)
          (   1,    0) (   0,    2) (   0,    0) (   0,    0) (   0,    0) (   2,    0) (   0,    0) (   0,    0) (   0,    0) (   0,    0)
          (   2,    0) (   0,    2) (   0,    0) (   0,    0) (   0,    0) (   2,    0) (   0,    2) (   0,    0) (   0,    0) (   0,    0)
          (   2,    0) (   0,    2) (   0,    0) (   0,    0) (   0,    0) (   2,    0) (   0,    2) (   0,    0) (   0,    0) (   0,    0)
          (   2,    0) (   0,    0) (   0,    0) (   0,    0) (   0,    0) (   2,    0) (   0,    3) (   0,    0) (   0,    0) (   0,    0)
          (   2,    0) (   0,    2) (   0,    0) (   0,    0) (   0,    0) (   2,    0) (   0,    1) (   0,    0) (   0,    0) (   0,    0)
          (   2,    0) (   0,    0) (   0,    0) (   0,    0) (   0,    0) (   2,    0) (   0,    5) (   0,    0) (   0,    0) (   0,    0)
          (   2,    0) (   0,    2) (   0,    0) (   0,    0) (   0,    0) (   2,    0) (   0,    7) (   0,    0) (   0,    0) (   0,    0)
          (   2,    0) (   0,    2) (   0,    0) (   0,    0) (   0,    0) (   2,    0) (   0,    1) (   0,    0) (   0,    0) (   0,    0)
          (   2,    0) (   0,    1) (   0,    0) (   0,    0) (   0,    0) (   2,    0) (   0,    0) (   0,    0) (   0,    0) (   0,    0)
          (   2,    0) (   0,    3) (   0,    0) (   0,    0) (   0,    0) (   2,    0) (   0,    3) (   0,    0) (   0,    0) (   0,    0)
          (   2,    0) (   0,    2) (   0,    0) (   0,    0) (   0,    0) (   2,    0) (   0,    0) (   0,    0) (   0,    0) (   0,    0)
          (   2,    0) (   0,    3) (   0,    0) (   0,    0) (   0,    0) (   2,    0) (   0,    0) (   0,    0) (   0,    0) (   0,    0)
          (   2,    0) (   0,    2) (   0,    0) (   0,    0) (   0,    0) (   2,    0) (   0,    0) (   0,    0) (   0,    0) (   0,    0)
          (   2,    0) (   0,    2) (   0,    0) (   0,    0) (   0,    0) (   2,    0) (   0,    2) (   0,    0) (   0,    0) (   0,    0)
          (   2,    0) (   0,    6) (   0,    0) (   0,    0) (   0,    0) (   2,    0) (   0,    1) (   0,    0) (   0,    0) (   0,    0)
          (   2,    0) (   0,    2) (   0,    0) (   0,    0) (   0,    0) (   2,    0) (   0,    2) (   0,    0) (   0,    0) (   0,    0)
          (   2,    0) (   0,    0) (   0,    0) (   0,    0) (   0,    0) (   2,    0) (   0,    2) (   0,    0) (   0,    0) (   0,    0)
          (   2,    0) (   0,    3) (   0,    0) (   0,    0) (   0,    0) (   2,    0) (   0,    1) (   0,    0) (   0,    0) (   0,    0)
          (   2,    0) (   0,    0) (   0,    0) (   0,    0) (   0,    0) (   2,    0) (   0,    0) (   0,    0) (   0,    0) (   0,    0)
          (   2,    0) (   0,    2) (   0,    0) (   0,    0) (   0,    0) (   2,    0) (   0,    1) (   0,    0) (   0,    0) (   0,    0)
          (   2,    0) (   0,    3) (   0,    0) (   0,    0) (   0,    0) (   2,    0) (   0,    2) (   0,    0) (   0,    0) (   0,    0)
          (   2,    0) (   0,    2) (   0,    0) (   0,    0) (   0,    0) (   2,    0) (   0,    2) (   0,    0) (   0,    0) (   0,    0)
          (   2,    0) (   0,    1) (   0,    0) (   0,    0) (   0,    0) (   2,    0) (   0,    0) (   0,    0) (   0,    0) (   0,    0)
          (   2,    0) (   0,    2) (   0,    0) (   0,    0) (   0,    0) (   2,    0) (   0,    2) (   0,    0) (   0,    0) (   0,    0)
          (   2,    0) (   0,    1) (   0,    0) (   0,    0) (   0,    0) (   2,    0) (   0,    3) (   0,    0) (   0,    0) (   0,    0)
          (   2,    0) (   0,    0) (   0,    0) (   0,    0) (   0,    0) (   2,    0) (   0,    1) (   0,    0) (   0,    0) (   0,    0)
          (   2,    0) (   0,    3) (   0,    0) (   0,    0) (   0,    0) (   2,    0) (   0,    0) (   0,    0) (   0,    0) (   0,    0)
          (   2,    0) (   0,    1) (   0,    0) (   0,    0) (   0,    0) (   2,    0) (   0,    3) (   0,    0) (   0,    0) (   0,    0)
          (   2,    0) (   0,    4) (   0,    0) (   0,    0) (   0,    0) (   2,    0) (   0,    1) (   0,    0) (   0,    0) (   0,    0)
          (   2,    0) (   0,    3) (   0,    0) (   0,    0) (   0,    0) (   2,    0) (   0,    1) (   0,    0) (   0,    0) (   0,    0)
          (   2,    0) (   0,    2) (   0,    0) (   0,    0) (   0,    0) (   2,    0) (   0,    2) (   0,    0) (   0,    0) (   0,    0)
          (   2,    0) (   0,    0) (   0,    0) (   0,    0) (   0,    0) (   2,    0) (   0,    1) (   0,    0) (   0,    0) (   0,    0)
          (   2,    0) (   0,    1) (   0,    0) (   0,    0) (   0,    0) (   2,    0) (   0,    1) (   0,    0) (   0,    0) (   0,    0)
          (   2,    0) (   0,    2) (   0,    0) (   0,    0) (   0,    0) (   2,    0) (   0,    2) (   0,    0) (   0,    0) (   0,    0)
          (   2,    0) (   0,    0) (   0,    0) (   0,    0) (   0,    0) (   2,    0) (   0,    0) (   0,    0) (   0,    0) (   0,    0)
          (   2,    0) (   0,    1) (   0,    0) (   0,    0) (   0,    0) (   2,    0) (   0,    3) (   0,    0) (   0,    0) (   0,    0)
          (   2,    0) (   0,    2) (   0,    0) (   0,    0) (   0,    0) (   2,    0) (   0,    1) (   0,    0) (   0,    0) (   0,    0)
          (   2,    0) (   0,    2) (   0,    0) (   0,    0) (   0,    0) (   2,    0) (   0,    3) (   0,    0) (   0,    0) (   0,    0)
          (   2,    0) (   0,    2) (   0,    0) (   0,    0) (   0,    0) (   2,    0) (   0,    4) (   0,    0) (   0,    0) (   0,    0)
          (   2,    0) (   0,    1) (   0,    0) (   0,    0) (   0,    0) (   2,    0) (   0,    4) (   0,    0) (   0,    0) (   0,    0)
          (   2,    0) (   0,    1) (   0,    0) (   0,    0) (   0,    0) (   2,    0) (   0,    5) (   0,    0) (   0,    0) (   0,    0)
          (   2,    0) (   0,    3) (   0,    0) (   0,    0) (   0,    0) (   2,    0) (   0,    2) (   0,    0) (   0,    0) (   0,    0)
          (   2,    0) (   0,    1) (   0,    0) (   0,    0) (   0,    0) (   2,    0) (   0,    1) (   0,    0) (   0,    0) (   0,    0)
         
node   7 sent_total    263  recv_total    247

node   8  (   0,    0) (   1,    0) (   0,    0) (   0,    1) (   0,    0) (   2,    0) (   0,    0) (   0,    0) (   0,    0) (   0,    0)
          (   2,    0) (   0,    0) (   0,    0) (   0,    0) (   0,    0) (   2,    0) (   0,    0) (   0,    0) (   0,    0) (   0,    0)
          (   2,    0) (   0,    2) (   0,    0) (   0,    0) (   0,    0) (   2,    0) (   0,    0) (   0,    0) (   0,    0) (   0,    0)
          (   2,    0) (   0,    1) (   0,    0) (   0,    0) (   0,    0) (   2,    0) (   0,    1) (   0,    0) (   0,    0) (   0,    0)
          (   2,    0) (   0,    1) (   0,    0) (   0,    0) (   0,    0) (   2,    0) (   0,    1) (   0,    0) (   0,    0) (   0,    0)
          (   2,    0) (   0,    2) (   0,    0) (   0,    0) (   0,    0) (   2,    0) (   0,    0) (   0,    0) (   0,    0) (   0,    0)
          (   1,    0) (   0,    0) (   0,    0) (   0,    0) (   0,    0) (   2,    0) (   0,    2) (   0,    0) (   0,    0) (   0,    0)
          (   2,    0) (   0,    1) (   0,    0) (   0,    0) (   0,    0) (   2,    0) (   0,    3) (   0,    0) (   0,    0) (   0,    0)
          (   2,    0) (   0,    0) (   0,    0) (   0,    0) (   0,    0) (   2,    0) (   0,    2) (   0,    0) (   0,    0) (   0,    0)
          (   2,    0) (   0,    2) (   0,    0) (   0,    0) (   0,    0) (   2,    0) (   0,    3) (   0,    0) (   0,    0) (   0,    0)
          (   0,    0) (   0,    3) (   0,    0) (   0,    0) (   0,    0) (   2,    0) (   0,    0) (   0,    0) (   0,    0) (   0,    0)
          (   2,    0) (   0,    3) (   0,    0) (   0,    0) (   0,    0) (   2,    0) (   0,    2) (   0,    0) (   0,    0) (   0,    0)
          (   2,    0) (   0,    0) (   0,    0) (   0,    0) (   0,    0) (   2,    0) (   0,    0) (   0,    0) (   0,    0) (   0,    0)
          (   2,    0) (   0,    3) (   0,    0) (   0,    0) (   0,    0) (   2,    0) (   0,    0) (   0,    0) (   0,    0) (   0,    0)
          (   2,    0) (   0,    1) (   0,    0) (   0,    0) (   0,    0) (   2,    0) (   0,    2) (   0,    0) (   0,    0) (   0,    0)
          (   2,    0) (   0,    2) (   0,    0) (   0,    0) (   0,    0) (   1,    0) (   0,    0) (   0,    0) (   0,    0) (   0,    0)
          (   2,    0) (   0,    1) (   0,    0) (   0,    0) (   0,    0) (   1,    0) (   0,    4) (   0,    0) (   0,    0) (   0,    0)
          (   2,    0) (   0,    3) (   0,    0) (   0,    0) (   0,    0) (   2,    0) (   0,    2) (   0,    0) (   0,    0) (   0,    0)
          (   1,    0) (   0,    2) (   0,    0) (   0,    0) (   0,    0) (   2,    0) (   0,    2) (   0,    0) (   0,    0) (   0,    0)
          (   2,    0) (   0,    1) (   0,    0) (   0,    0) (   0,    0) (   2,    0) (   0,    1) (   0,    0) (   0,    0) (   0,    0)
          (   2,    0) (   0,    1) (   0,    0) (   0,    0) (   0,    0) (   1,    0) (   0,    1) (   0,    0) (   0,    0) (   0,    0)
          (   2,    0) (   0,    2) (   0,    0) (   0,    0) (   0,    0) (   2,    0) (   0,    6) (   0,    0) (   0,    0) (   0,    0)
          (   2,    0) (   0,    5) (   0,    0) (   0,    0) (   0,    0) (   2,    0) (   0,    2) (   0,    0) (   0,    0) (   0,    0)
          (   2,    0) (   0,    3) (   0,    0) (   0,    0) (   0,    0) (   2,    0) (   0,    2) (   0,    0) (   0,    0) (   0,    0)
          (   2,    0) (   0,    0) (   0,    0) (   0,    0) (   0,    0) (   2,    0) (   0,    1) (   0,    0) (   0,    0) (   0,    0)
          (   2,    0) (   0,    2) (   0,    0) (   0,    0) (   0,    0) (   1,    0) (   0,    1) (   0,    0) (   0,    0) (   0,    0)
          (   1,    0) (   0,    1) (   0,    0) (   0,    0) (   0,    0) (   2,    0) (   0,    5) (   0,    0) (   0,    0) (   0,    0)
          (   2,    0) (   0,    2) (   0,    0) (   0,    0) (   0,    0) (   2,    0) (   0,    3) (   0,    0) (   0,    0) (   0,    0)
          (   1,    0) (   0,    1) (   0,    0) (   0,    0) (   0,    0) (   2,    0) (   0,    3) (   0,    0) (   0,    0) (   0,    0)
          (   2,    0) (   0,    2) (   0,    0) (   0,    0) (   0,    0) (   1,    0) (   0,    3) (   0,    0) (   0,    0) (   0,    0)
          (   1,    0) (   0,    3) (   0,    0) (   0,    0) (   0,    0) (   2,    0) (   0,    1) (   0,    0) (   0,    0) (   0,    0)
          (   2,    0) (   0,    2) (   0,    0) (   0,    0) (   0,    0) (   2,    0) (   0,    1) (   0,    0) (   0,    0) (   0,    0)
          (   2,    0) (   0,    3) (   0,    0) (   0,    0) (   0,    0) (   2,    0) (   0,    0) (   0,    0) (   0,    0) (   0,    0)
          (   2,    0) (   0,    4) (   0,    0) (   0,    0) (   0,    0) (   2,    0) (   0,    1) (   0,    0) (   0,    0) (   0,    0)
          (   2,    0) (   0,    0) (   0,    0) (   0,    0) (   0,    0) (   2,    0) (   0,    1) (   0,    0) (   0,    0) (   0,    0)
          (   2,    0) (   0,    2) (   0,    0) (   0,    0) (   0,    0) (   2,    0) (   0,    1) (   0,    0) (   0,    0) (   0,    0)
          (   2,    0) (   0,    2) (   0,    0) (   0,    0) (   0,    0) (   2,    0) (   0,    2) (   0,    0) (   0,    0) (   0,    0)
          (   2,    0) (   0,    2) (   0,    0) (   0,    0) (   0,    0) (   2,    0) (   0,    3) (   0,    0) (   0,    0) (   0,    0)
          (   2,    0) (   0,    2) (   0,    0) (   0,    0) (   0,    0) (   2,    0) (   0,    3) (   0,    0) (   0,    0) (   0,    0)
          (   2,    0) (   0,    1) (   0,    0) (   0,    0) (   0,    0) (   2,    0) (   0,    3) (   0,    0) (   0,    0) (   0,    0)
          (   2,    0) (   0,    2) (   0,    0) (   0,    0) (   0,    0) (   2,    0) (   0,    1) (   0,    0) (   0,    0) (   0,    0)
          (   2,    0) (   0,    3) (   0,    0) (   0,    0) (   0,    0) (   2,    0) (   0,    0) (   0,    0) (   0,    0) (   0,    0)
          (   2,    0) (   0,    2) (   0,    0) (   0,    0) (   0,    0) (   2,    0) (   0,    3) (   0,    0) (   0,    0) (   0,    0)
          (   2,    0) (   0,    0) (   0,    0) (   0,    0) (   0,    0) (   2,    0) (   0,    3) (   0,    0) (   0,    0) (   0,    0)
          (   2,    0) (   0,    2) (   0,    0) (   0,    0) (   0,    0) (   2,    0) (   0,    1) (   0,    0) (   0,    0) (   0,    0)
          (   2,    0) (   0,    4) (   0,    0) (   0,    0) (   0,    0) (   2,    0) (   0,    1) (   0,    0) (   0,    0) (   0,    0)
          (   2,    0) (   0,    3) (   0,    0) (   0,    0) (   0,    0) (   2,    0) (   0,    3) (   0,    0) (   0,    0) (   0,    0)
          (   2,    0) (   0,    3) (   0,    0) (   0,    0) (   0,    0) (   2,    0) (   0,    3) (   0,    0) (   0,    0) (   0,    0)
          (   2,    0) (   0,    3) (   0,    0) (   0,    0) (   0,    0) (   2,    0) (   0,    4) (   0,    0) (   0,    0) (   0,    0)
          (   2,    0) (   0,    3) (   0,    0) (   0,    0) (   0,    0) (   2,    0) (   0,    3) (   0,    0) (   0,    0) (   0,    0)
          (   2,    0) (   0,    2) (   0,    0) (   0,    0) (   0,    0) (   2,    0) (   0,    3) (   0,    0) (   0,    0) (   0,    0)
          (   2,    0) (   0,    3) (   0,    0) (   0,    0) (   0,    0) (   2,    0) (   0,    1) (   0,    0) (   0,    0) (   0,    0)
          (   2,    0) (   0,    2) (   0,    0) (   0,    0) (   0,    0) (   2,    0) (   0,    2) (   0,    0) (   0,    0) (   0,    0)
          (   2,    0) (   0,    1) (   0,    0) (   0,    0) (   0,    0) (   2,    0) (   0,    4) (   0,    0) (   0,    0) (   0,    0)
          (   2,    0) (   0,    0) (   0,    0) (   0,    0) (   0,    0) (   2,    0) (   0,    0) (   0,    0) (   0,    0) (   0,    0)
          (   2,    0) (   0,    0) (   0,    0) (   0,    0) (   0,    0) (   2,    0) (   0,    2) (   0,    0) (   0,    0) (   0,    0)
          (   2,    0) (   0,    1) (   0,    0) (   0,    0) (   0,    0) (   2,    0) (   0,    2) (   0,    0) (   0,    0) (   0,    0)
          (   2,    0) (   0,    2) (   0,    0) (   0,    0) (   0,    0) (   2,    0) (   0,    3) (   0,    0) (   0,    0) (   0,    0)
          (   2,    0) (   0,    2) (   0,    0) (   0,    0) (   0,    0) (   2,    0) (   0,    4) (   0,    0) (   0,    0) (   0,    0)
          (   2,    0) (   0,    4) (   0,    0) (   0,    0) (   0,    0) (   2,    0) (   0,    1) (   0,    0) (   0,    0) (   0,    0)
          (   2,    0) (   0,    5) (   0,    0) (   0,    0) (   0,    0) (   2,    0) (   0,    4) (   0,    0) (   0,    0) (   0,    0)
          (   2,    0) (   0,    2) (   0,    0) (   0,    0) (   0,    0) (   2,    0) (   0,    4) (   0,    0) (   0,    0) (   0,    0)
          (   2,    0) (   0,    3) (   0,    0) (   0,    0) (   0,    0) (   2,    0) (   0,    1) (   0,    0) (   0,    0) (   0,    0)
          (   2,    0) (   0,    4) (   0,    0) (   0,    0) (   0,    0) (   2,    0) (   0,    1) (   0,    0) (   0,    0) (   0,    0)
          (   2,    0) (   0,    3) (   0,    0) (   0,    0) (   0,    0) (   2,    0) (   0,    0) (   0,    0) (   0,    0) (   0,    0)
          (   2,    0) (   0,    1) (   0,    0) (   0,    0) (   0,    0) (   2,    0) (   0,    1) (   0,    0) (   0,    0) (   0,    0)
          (   2,    0) (   0,    3) (   0,    0) (   0,    0) (   0,    0) (   2,    0) (   0,    0) (   0,    0) (   0,    0) (   0,    0)
          (   2,    0) (   0,    1) (   0,    0) (   0,    0) (   0,    0) (   2,    0) (   0,    0) (   0,    0) (   0,    0) (   0,    0)
          (   2,    0) (   0,    0) (   0,    0) (   0,    0) (   0,    0) (   2,    0) (   0,    0) (   0,    0) (   0,    0) (   0,    0)
          (   2,    0) (   0,    2) (   0,    0) (   0,    0) (   0,    0) (   2,    0) (   0,    3) (   0,    0) (   0,    0) (   0,    0)
         
node   8 sent_total    267  recv_total    261

node   9  (   0,    0) (   0,    0) (   1,    0) (   0,    0) (   0,    1) (   2,    0) (   0,    0) (   0,    0) (   0,    0) (   0,    0)
          (   2,    0) (   0,    0) (   0,    0) (   0,    0) (   0,    0) (   2,    0) (   0,    2) (   0,    0) (   0,    0) (   0,    0)
          (   2,    0) (   0,    1) (   0,    0) (   0,    0) (   0,    0) (   2,    0) (   0,    1) (   0,    0) (   0,    0) (   0,    0)
          (   2,    0) (   0,    4) (   0,    0) (   0,    0) (   0,    0) (   2,    0) (   0,    3) (   0,    0) (   0,    0) (   0,    0)
          (   2,    0) (   0,    3) (   0,    0) (   0,    0) (   0,    0) (   2,    0) (   0,    0) (   0,    0) (   0,    0) (   0,    0)
          (   2,    0) (   0,    3) (   0,    0) (   0,    0) (   0,    0) (   2,    0) (   0,    1) (   0,    0) (   0,    0) (   0,    0)
          (   2,    0) (   0,    2) (   0,    0) (   0,    0) (   0,    0) (   2,    0) (   0,    3) (   0,    0) (   0,    0) (   0,    0)
          (   2,    0) (   0,    2) (   0,    0) (   0,    0) (   0,    0) (   2,    0) (   0,    3) (   0,    0) (   0,    0) (   0,    0)
          (   2,    0) (   0,    2) (   0,    0) (   0,    0) (   0,    0) (   2,    0) (   0,    0) (   0,    0) (   0,    0) (   0,    0)
          (   2,    0) (   0,    2) (   0,    0) (   0,    0) (   0,    0) (   2,    0) (   0,    3) (   0,    0) (   0,    0) (   0,    0)
          (   2,    0) (   0,    2) (   0,    0) (   0,    0) (   0,    0) (   2,    0) (   0,    0) (   0,    0) (   0,    0) (   0,    0)
          (   1,    0) (   0,    3) (   0,    0) (   0,    0) (   0,    0) (   2,    0) (   0,    2) (   0,    0) (   0,    0) (   0,    0)
          (   2,    0) (   0,    0) (   0,    0) (   0,    0) (   0,    0) (   1,    0) (   0,    1) (   0,    0) (   0,    0) (   0,    0)
          (   1,    0) (   0,    1) (   0,    0) (   0,    0) (   0,    0) (   2,    0) (   0,    3) (   0,    0) (   0,    0) (   0,    0)
          (   2,    0) (   0,    2) (   0,    0) (   0,    0) (   0,    0) (   2,    0) (   0,    2) (   0,    0) (   0,    0) (   0,    0)
          (   2,    0) (   0,    2) (   0,    0) (   0,    0) (   0,    0) (   2,    0) (   0,    1) (   0,    0) (   0,    0) (   0,    0)
          (   2,    0) (   0,    4) (   0,    0) (   0,    0) (   0,    0) (   2,    0) (   0,    1) (   0,    0) (   0,    0) (   0,    0)
          (   2,    0) (   0,    2) (   0,    0) (   0,    0) (   0,    0) (   2,    0) (   0,    1) (   0,    0) (   0,    0) (   0,    0)
          (   2,    0) (   0,    2) (   0,    0) (   0,    0) (   0,    0) (   2,    0) (   0,    0) (   0,    0) (   0,    0) (   0,    0)
          (   2,    0) (   0,    1) (   0,    0) (   0,    0) (   0,    0) (   2,    0) (   0,    3) (   0,    0) (   0,    0) (   0,    0)
          (   1,    0) (   0,    0) (   0,    0) (   0,    0) (   0,    0) (   2,    0) (   0,    2) (   0,    0) (   0,    0) (   0,    0)
          (   2,    0) (   0,    3) (   0,    0) (   0,    0) (   0,    0) (   2,    0) (   0,    2) (   0,    0) (   0,    0) (   0,    0)
          (   2,    0) (   0,    0) (   0,    0) (   0,    0) (   0,    0) (   2,    0) (   0,    2) (   0,    0) (   0,    0) (   0,    0)
          (   1,    0) (   0,    2) (   0,    0) (   0,    0) (   0,    0) (   1,    0) (   0,    2) (   0,    0) (   0,    0) (   0,    0)
          (   2,    0) (   0,    1) (   0,    0) (   0,    0) (   0,    0) (   2,    0) (   0,    4) (   0,    0) (   0,    0) (   0,    0)
          (   2,    0) (   0,    2) (   0,    0) (   0,    0) (   0,    0) (   2,    0) (   0,    2) (   0,    0) (   0,    0) (   0,    0)
          (   2,    0) (   0,    2) (   0,    0) (   0,    0) (   0,    0) (   2,    0) (   0,    3) (   0,    0) (   0,    0) (   0,    0)
          (   2,    0) (   0,    0) (   0,    0) (   0,    0) (   0,    0) (   2,    0) (   0,    3) (   0,    0) (   0,    0) (   0,    0)
          (   2,    0) (   0,    3) (   0,    0) (   0,    0) (   0,    0) (   2,    0) (   0,    2) (   0,    0) (   0,    0) (   0,    0)
          (   2,    0) (   0,    1) (   0,    0) (   0,    0) (   0,    0) (   2,    0) (   0,    0) (   0,    0) (   0,    0) (   0,    0)
          (   2,    0) (   0,    4) (   0,    0) (   0,    0) (   0,    0) (   2,    0) (   0,    1) (   0,    0) (   0,    0) (   0,    0)
          (   2,    0) (   0,    2) (   0,    0) (   0,    0) (   0,    0) (   2,    0) (   0,    5) (   0,    0) (   0,    0) (   0,    0)
          (   2,    0) (   0,    3) (   0,    0) (   0,    0) (   0,    0) (   2,    0) (   0,    4) (   0,    0) (   0,    0) (   0,    0)
          (   2,    0) (   0,    1) (   0,    0) (   0,    0) (   0,    0) (   2,    0) (   0,    0) (   0,    0) (   0,    0) (   0,    0)
          (   2,    0) (   0,    4) (   0,    0) (   0,    0) (   0,    0) (   2,    0) (   0,    5) (   0,    0) (   0,    0) (   0,    0)
          (   2,    0) (   0,    3) (   0,    0) (   0,    0) (   0,    0) (   2,    0) (   0,    0) (   0,    0) (   0,    0) (   0,    0)
          (   2,    0) (   0,    2) (   0,    0) (   0,    0) (   0,    0) (   2,    0) (   0,    0) (   0,    0) (   0,    0) (   0,    0)
          (   2,    0) (   0,    0) (   0,    0) (   0,    0) (   0,    0) (   2,    0) (   0,    2) (   0,    0) (   0,    0) (   0,    0)
          (   2,    0) (   0,    1) (   0,    0) (   0,    0) (   0,    0) (   2,    0) (   0,    1) (   0,    0) (   0,    0) (   0,    0)
          (   2,    0) (   0,    3) (   0,    0) (   0,    0) (   0,    0) (   2,    0) (   0,    4) (   0,    0) (   0,    0) (   0,    0)
          (   2,    0) (   0,    0) (   0,    0) (   0,    0) (   0,    0) (   2,    0) (   0,    2) (   0,    0) (   0,    0) (   0,    0)
          (   2,    0) (   0,    1) (   0,    0) (   0,    0) (   0,    0) (   2,    0) (   0,    2) (   0,    0) (   0,    0) (   0,    0)
          (   2,    0) (   0,    0) (   0,    0) (   0,    0) (   0,    0) (   2,    0) (   0,    1) (   0,    0) (   0,    0) (   0,    0)
          (   2,    0) (   0,    5) (   0,    0) (   0,    0) (   0,    0) (   2,    0) (   0,    1) (   0,    0) (   0,    0) (   0,    0)
          (   2,    0) (   0,    1) (   0,    0) (   0,    0) (   0,    0) (   2,    0) (   0,    2) (   0,    0) (   0,    0) (   0,    0)
          (   2,    0) (   0,    0) (   0,    0) (   0,    0) (   0,    0) (   2,    0) (   0,    2) (   0,    0) (   0,    0) (   0,    0)
          (   2,    0) (   0,    1) (   0,    0) (   0,    0) (   0,    0) (   2,    0) (   0,    2) (   0,    0) (   0,    0) (   0,    0)
          (   2,    0) (   0,    1) (   0,    0) (   0,    0) (   0,    0) (   2,    0) (   0,    3) (   0,    0) (   0,    0) (   0,    0)
          (   2,    0) (   0,    2) (   0,    0) (   0,    0) (   0,    0) (   2,    0) (   0,    1) (   0,    0) (   0,    0) (   0,    0)
          (   2,    0) (   0,    3) (   0,    0) (   0,    0) (   0,    0) (   2,    0) (   0,    3) (   0,    0) (   0,    0) (   0,    0)
          (   2,    0) (   0,    2) (   0,    0) (   0,    0) (   0,    0) (   2,    0) (   0,    2) (   0,    0) (   0,    0) (   0,    0)
          (   2,    0) (   0,    3) (   0,    0) (   0,    0) (   0,    0) (   2,    0) (   0,    3) (   0,    0) (   0,    0) (   0,    0)
          (   2,    0) (   0,    2) (   0,    0) (   0,    0) (   0,    0) (   2,    0) (   0,    2) (   0,    0) (   0,    0) (   0,    0)
          (   2,    0) (   0,    2) (   0,    0) (   0,    0) (   0,    0) (   2,    0) (   0,    3) (   0,    0) (   0,    0) (   0,    0)
          (   2,    0) (   0,    1) (   0,    0) (   0,    0) (   0,    0) (   2,    0) (   0,    2) (   0,    0) (   0,    0) (   0,    0)
          (   2,    0) (   0,    0) (   0,    0) (   0,    0) (   0,    0) (   2,    0) (   0,    1) (   0,    0) (   0,    0) (   0,    0)
          (   2,    0) (   0,    1) (   0,    0) (   0,    0) (   0,    0) (   2,    0) (   0,    1) (   0,    0) (   0,    0) (   0,    0)
          (   2,    0) (   0,    1) (   0,    0) (   0,    0) (   0,    0) (   2,    0) (   0,    3) (   0,    0) (   0,    0) (   0,    0)
          (   2,    0) (   0,    2) (   0,    0) (   0,    0) (   0,    0) (   2,    0) (   0,    3) (   0,    0) (   0,    0) (   0,    0)
          (   2,    0) (   0,    1) (   0,    0) (   0,    0) (   0,    0) (   2,    0) (   0,    2) (   0,    0) (   0,    0) (   0,    0)
          (   2,    0) (   0,    2) (   0,    0) (   0,    0) (   0,    0) (   2,    0) (   0,    5) (   0,    0) (   0,    0) (   0,    0)
          (   2,    0) (   0,    3) (   0,    0) (   0,    0) (   0,    0) (   2,    0) (   0,    3) (   0,    0) (   0,    0) (   0,    0)
          (   2,    0) (   0,    0) (   0,    0) (   0,    0) (   0,    0) (   2,    0) (   0,    2) (   0,    0) (   0,    0) (   0,    0)
          (   2,    0) (   0,    3) (   0,    0) (   0,    0) (   0,    0) (   2,    0) (   0,    2) (   0,    0) (   0,    0) (   0,    0)
          (   2,    0) (   0,    1) (   0,    0) (   0,    0) (   0,    0) (   2,    0) (   0,    1) (   0,    0) (   0,    0) (   0,    0)
          (   2,    0) (   0,    0) (   0,    0) (   0,    0) (   0,    0) (   2,    0) (   0,    3) (   0,    0) (   0,    0) (   0,    0)
          (   2,    0) (   0,    2) (   0,    0) (   0,    0) (   0,    0) (   2,    0) (   0,    3) (   0,    0) (   0,    0) (   0,    0)
          (   2,    0) (   0,    1) (   0,    0) (   0,    0) (   0,    0) (   2,    0) (   0,    0) (   0,    0) (   0,    0) (   0,    0)
          (   2,    0) (   0,    2) (   0,    0) (   0,    0) (   0,    0) (   2,    0) (   0,    2) (   0,    0) (   0,    0) (   0,    0)
          (   2,    0) (   0,    4) (   0,    0) (   0,    0) (   0,    0) (   2,    0) (   0,    2) (   0,    0) (   0,    0) (   0,    0)
         
node   9 sent_total    273  recv_total    261

node  10  (   0,    0) (   0,    0) (   1,    0) (   0,    0) (   0,    1) (   2,    0) (   0,    0) (   0,    0) (   0,    0) (   0,    0)
          (   2,    0) (   0,    1) (   0,    0) (   0,    0) (   0,    0) (   2,    0) (   0,    1) (   0,    0) (   0,    0) (   0,    0)
          (   2,    0) (   0,    0) (   0,    0) (   0,    0) (   0,    0) (   2,    0) (   0,    1) (   0,    0) (   0,    0) (   0,    0)
          (   2,    0) (   0,    0) (   0,    0) (   0,    0) (   0,    0) (   2,    0) (   0,    3) (   0,    0) (   0,    0) (   0,    0)
          (   2,    0) (   0,    3) (   0,    0) (   0,    0) (   0,    0) (   2,    0) (   0,    6) (   0,    0) (   0,    0) (   0,    0)
          (   2,    0) (   0,    2) (   0,    0) (   0,    0) (   0,    0) (   2,    0) (   0,    1) (   0,    0) (   0,    0) (   0,    0)
          (   2,    0) (   0,    3) (   0,    0) (   0,    0) (   0,    0) (   2,    0) (   0,    1) (   0,    0) (   0,    0) (   0,    0)
          (   2,    0) (   0,    0) (   0,    0) (   0,    0) (   0,    0) (   2,    0) (   0,    2) (   0,    0) (   0,    0) (   0,    0)
          (   2,    0) (   0,    0) (   0,    0) (   0,    0) (   0,    0) (   2,    0) (   0,    2) (   0,    0) (   0,    0) (   0,    0)
          (   2,    0) (   0,    2) (   0,    0) (   0,    0) (   0,    0) (   2,    0) (   0,    1) (   0,    0) (   0,    0) (   0,    0)
          (   2,    0) (   0,    1) (   0,    0) (   0,    0) (   0,    0) (   2,    0) (   0,    2) (   0,    0) (   0,    0) (   0,    0)
          (   2,    0) (   0,    0) (   0,    0) (   0,    0) (   0,    0) (   1,    0) (   0,    0) (   0,    0) (   0,    0) (   0,    0)
          (   2,    0) (   0,    1) (   0,    0) (   0,    0) (   0,    0) (   2,    0) (   0,    3) (   0,    0) (   0,    0) (   0,    0)
          (   2,    0) (   0,    1) (   0,    0) (   0,    0) (   0,    0) (   2,    0) (   0,    3) (   0,    0) (   0,    0) (   0,    0)
          (   2,    0) (   0,    2) (   0,    0) (   0,    0) (   0,    0) (   2,    0) (   0,    2) (   0,    0) (   0,    0) (   0,    0)
          (   2,    0) (   0,    2) (   0,    0) (   0,    0) (   0,    0) (   2,    0) (   0,    2) (   0,    0) (   0,    0) (   0,    0)
          (   2,    0) (   0,    1) (   0,    0) (   0,    0) (   0,    0) (   2,    0) (   0,    0) (   0,    0) (   0,    0) (   0,    0)
          (   2,    0) (   0,    1) (   0,    0) (   0,    0) (   0,    0) (   2,    0) (   0,    1) (   0,    0) (   0,    0) (   0,    0)
          (   2,    0) (   0,    1) (   0,    0) (   0,    0) (   0,    0) (   1,    0) (   0,    0) (   0,    0) (   0,    0) (   0,    0)
          (   2,    0) (   0,    3) (   0,    0) (   0,    0) (   0,    0) (   2,    0) (   0,    1) (   0,    0) (   0,    0) (   0,    0)
          (   1,    0) (   0,    1) (   0,    0) (   0,    0) (   0,    0) (   2,    0) (   0,    0) (   0,    0) (   0,    0) (   0,    0)
          (   1,    0) (   0,    0) (   0,    0) (   0,    0) (   0,    0) (   2,    0) (   0,    2) (   0,    0) (   0,    0) (   0,    0)
          (   2,    0) (   0,    1) (   0,    0) (   0,    0) (   0,    0) (   2,    0) (   0,    2) (   0,    0) (   0,    0) (   0,    0)
          (   2,    0) (   0,    0) (   0,    0) (   0,    0) (   0,    0) (   2,    0) (   0,    3) (   0,    0) (   0,    0) (   0,    0)
          (   2,    0) (   0,    2) (   0,    0) (   0,    0) (   0,    0) (   1,    0) (   0,    2) (   0,    0) (   0,    0) (   0,    0)
          (   2,    0) (   0,    3) (   0,    0) (   0,    0) (   0,    0) (   2,    0) (   0,    6) (   0,    0) (   0,    0) (   0,    0)
          (   2,    0) (   0,    1) (   0,    0) (   0,    0) (   0,    0) (   2,    0) (   0,    1) (   0,    0) (   0,    0) (   0,    0)
          (   2,    0) (   0,    2) (   0,    0) (   0,    0) (   0,    0) (   2,    0) (   0,    3) (   0,    0) (   0,    0) (   0,    0)
          (   1,    0) (   0,    1) (   0,    0) (   0,    0) (   0,    0) (   2,    0) (   0,    3) (   0,    0) (   0,    0) (   0,    0)
          (   1,    0) (   0,    4) (   0,    0) (   0,    0) (   0,    0) (   2,    0) (   0,    1) (   0,    0) (   0,    0) (   0,    0)
          (   2,    0) (   0,    3) (   0,    0) (   0,    0) (   0,    0) (   2,    0) (   0,    2) (   0,    0) (   0,    0) (   0,    0)
          (   2,    0) (   0,    3) (   0,    0) (   0,    0) (   0,    0) (   2,    0) (   0,    4) (   0,    0) (   0,    0) (   0,    0)
          (   2,    0) (   0,    2) (   0,    0) (   0,    0) (   0,    0) (   2,    0) (   0,    3) (   0,    0) (   0,    0) (   0,    0)
          (   2,    0) (   0,    1) (   0,    0) (   0,    0) (   0,    0) (   2,    0) (   0,    0) (   0,    0) (   0,    0) (   0,    0)
          (   2,    0) (   0,    2) (   0,    0) (   0,    0) (   0,    0) (   2,    0) (   0,    2) (   0,    0) (   0,    0) (   0,    0)
          (   2,    0) (   0,    1) (   0,    0) (   0,    0) (   0,    0) (   2,    0) (   0,    4) (   0,    0) (   0,    0) (   0,    0)
          (   2,    0) (   0,    2) (   0,    0) (   0,    0) (   0,    0) (   2,    0) (   0,    4) (   0,    0) (   0,    0) (   0,    0)
          (   2,    0) (   0,    2) (   0,    0) (   0,    0) (   0,    0) (   2,    0) (   0,    2) (   0,    0) (   0,    0) (   0,    0)
          (   2,    0) (   0,    3) (   0,    0) (   0,    0) (   0,    0) (   2,    0) (   0,    3) (   0,    0) (   0,    0) (   0,    0)
          (   2,    0) (   0,    1) (   0,    0) (   0,    0) (   0,    0) (   2,    0) (   0,    4) (   0,    0) (   0,    0) (   0,    0)
          (   2,    0) (   0,    2) (   0,    0) (   0,    0) (   0,    0) (   2,    0) (   0,    3) (   0,    0) (   0,    0) (   0,    0)
          (   2,    0) (   0,    1) (   0,    0) (   0,    0) (   0,    0) (   2,    0) (   0,    2) (   0,    0) (   0,    0) (   0,    0)
          (   2,    0) (   0,    3) (   0,    0) (   0,    0) (   0,    0) (   2,    0) (   0,    1) (   0,    0) (   0,    0) (   0,    0)
          (   2,    0) (   0,    0) (   0,    0) (   0,    0) (   0,    0) (   2,    0) (   0,    3) (   0,    0) (   0,    0) (   0,    0)
          (   2,    0) (   0,    1) (   0,    0) (   0,    0) (   0,    0) (   2,    0) (   0,    1) (   0,    0) (   0,    0) (   0,    0)
          (   2,    0) (   0,    1) (   0,    0) (   0,    0) (   0,    0) (   2,    0) (   0,    4) (   0,    0) (   0,    0) (   0,    0)
          (   2,    0) (   0,    2) (   0,    0) (   0,    0) (   0,    0) (   2,    0) (   0,    3) (   0,    0) (   0,    0) (   0,    0)
          (   2,    0) (   0,    4) (   0,    0) (   0,    0) (   0,    0) (   2,    0) (   0,    2) (   0,    0) (   0,    0) (   0,    0)
          (   2,    0) (   0,    1) (   0,    0) (   0,    0) (   0,    0) (   2,    0) (   0,    1) (   0,    0) (   0,    0) (   0,    0)
          (   2,    0) (   0,    1) (   0,    0) (   0,    0) (   0,    0) (   2,    0) (   0,    0) (   0,    0) (   0,    0) (   0,    0)
          (   2,    0) (   0,    3) (   0,    0) (   0,    0) (   0,    0) (   2,    0) (   0,    1) (   0,    0) (   0,    0) (   0,    0)
          (   2,    0) (   0,    2) (   0,    0) (   0,    0) (   0,    0) (   2,    0) (   0,    2) (   0,    0) (   0,    0) (   0,    0)
          (   2,    0) (   0,    3) (   0,    0) (   0,    0) (   0,    0) (   2,    0) (   0,    3) (   0,    0) (   0,    0) (   0,    0)
          (   2,    0) (   0,    3) (   0,    0) (   0,    0) (   0,    0) (   2,    0) (   0,    1) (   0,    0) (   0,    0) (   0,    0)
          (   2,    0) (   0,    2) (   0,    0) (   0,    0) (   0,    0) (   2,    0) (   0,    3) (   0,    0) (   0,    0) (   0,    0)
          (   2,    0) (   0,    4) (   0,    0) (   0,    0) (   0,    0) (   2,    0) (   0,    5) (   0,    0) (   0,    0) (   0,    0)
          (   2,    0) (   0,    2) (   0,    0) (   0,    0) (   0,    0) (   2,    0) (   0,    0) (   0,    0) (   0,    0) (   0,    0)
          (   2,    0) (   0,    0) (   0,    0) (   0,    0) (   0,    0) (   2,    0) (   0,    1) (   0,    0) (   0,    0) (   0,    0)
          (   2,    0) (   0,    2) (   0,    0) (   0,    0) (   0,    0) (   2,    0) (   0,    3) (   0,    0) (   0,    0) (   0,    0)
          (   2,    0) (   0,    3) (   0,    0) (   0,    0) (   0,    0) (   2,    0) (   0,    3) (   0,    0) (   0,    0) (   0,    0)
          (   2,    0) (   0,    3) (   0,    0) (   0,    0) (   0,    0) (   2,    0) (   0,    0) (   0,    0) (   0,    0) (   0,    0)
          (   2,    0) (   0,    5) (   0,    0) (   0,    0) (   0,    0) (   2,    0) (   0,    1) (   0,    0) (   0,    0) (   0,    0)
          (   2,    0) (   0,    2) (   0,    0) (   0,    0) (   0,    0) (   2,    0) (   0,    3) (   0,    0) (   0,    0) (   0,    0)
          (   2,    0) (   0,    3) (   0,    0) (   0,    0) (   0,    0) (   2,    0) (   0,    3) (   0,    0) (   0,    0) (   0,    0)
          (   2,    0) (   0,    3) (   0,    0) (   0,    0) (   0,    0) (   2,    0) (   0,    3) (   0,    0) (   0,    0) (   0,    0)
          (   2,    0) (   0,    2) (   0,    0) (   0,    0) (   0,    0) (   2,    0) (   0,    3) (   0,    0) (   0,    0) (   0,    0)
          (   2,    0) (   0,    2) (   0,    0) (   0,    0) (   0,    0) (   2,    0) (   0,    0) (   0,    0) (   0,    0) (   0,    0)
          (   2,    0) (   0,    2) (   0,    0) (   0,    0) (   0,    0) (   2,    0) (   0,    2) (   0,    0) (   0,    0) (   0,    0)
          (   2,    0) (   0,    4) (   0,    0) (   0,    0) (   0,    0) (   2,    0) (   0,    4) (   0,    0) (   0,    0) (   0,    0)
          (   2,    0) (   0,    2) (   0,    0) (   0,    0) (   0,    0) (   2,    0) (   0,    4) (   0,    0) (   0,    0) (   0,    0)
         
node  10 sent_total    272  recv_total    276

